文件：HT8_it.c     编译器版本 HGASM 0202 页次1


   1  0000              ; Generated by holtek-gcc v3.19, Thu Jun 13 13:58:09 2024
   2  0000              ; 
   3  0000              ; Configuration:
   4  0000              ;       without long instruction
   5  0000              ;       Single ROM, Multi-RAM
   6  0000              ;       bits_per_rom_unit:16
   7  0000              ;       with mp1
   8  0000              ;       with tbhp, address(0x9)
   9  0000              ;          Use tabrd-const
  10  0000              ;       
  11  0000              ;       
  12  0000              ;       
  13  0000              ; use 'tabrdc' instead of 'tabrd'
  14  0000              ;       
  15  0000              
  16  0000              #pragma translator "holtek-gcc 4.6.4" "3.19" "build 20130711"
  17  0000              ; Rebuild 718
  18  0000              
  19  0000              ir equ [2]
  20  0000              mp equ [3]
  21  0000              sbp equ [1]
  22  0000              acc equ [5]
  23  0000              bp equ [4]
  24  0000              tblp equ [7]
  25  0000              tbhp equ [9]
  26  0000              status equ [10]
  27  0000              c equ [10].0
  28  0000              ac equ [10].1
  29  0000              z equ [10].2
  30  0000              ov equ [10].3
  31  0000              intc equ [11]
  32  0000              
  33  0000              extern ra:byte
  34  0000              extern rb:byte
  35  0000              extern rc:byte
  36  0000              extern rd:byte
  37  0000              extern re:byte
  38  0000              extern rf:byte
  39  0000              extern rg:byte
  40  0000              extern rh:byte
  41  0000              extern _Crom2Prom:near
  42  0000              extern _Crom2PromNext:near
  43  0000              
  44  0000              RAMBANK 0 @HCCINIT, @HCCINIT0
  45  0000              
  46  0000              RAMBANK 0 @BITDATASEC, @BITDATASEC1
  47  0000              @HCCINIT	.section 'data'
  48  0000              @HCCINIT0	.section 'data'
  49  0000              @BITDATASEC	 .section 'data'
  50  0000              @BITDATASEC1	 .section 'data'
  51  0000              
  52  0000              #pragma debug scope 1 1
  53  0000              	extern __DELAY3:near
  54  0000              	extern __DELAYX3:near
  55  0000              	extern __DELAYX6:near
  56  0000              	extern __DELAYY5:near
  57  0000              	extern __DELAYY3:near
  58  0000              	extern _builtin_holtek_delay_2:byte
  59  0000              public _INT0_ISR
文件：HT8_it.ASM   编译器版本 HGASM 0202 页次2

  60  0000              #pragma debug scope 2 1

  44  0000              #line 44 "C:\Users\EDY\Desktop\工作文档\HT66F018\software_library_ADC_interrupt_example_V11\src\HT8_it.c"
  44  0000              @INT0_ISR_code .section at 4 'code'
  44  0000              _INT0_ISR:
  44  0000  0004        	reti
  44  0001              #line 44 "C:\Users\EDY\Desktop\工作文档\HT66F018\software_library_ADC_interrupt_example_V11\src\HT8_it.c"
  44  0001              #pragma debug scope 1 1
  44  0001              public _COMP_ISR
  44  0001              #pragma debug scope 3 1
  56  0001              #line 56 "C:\Users\EDY\Desktop\工作文档\HT66F018\software_library_ADC_interrupt_example_V11\src\HT8_it.c"
  56  0000              @COMP_ISR_code .section at 8 'code'
  56  0000              _COMP_ISR:
  56  0000  0004        	reti
  56  0001              #line 56 "C:\Users\EDY\Desktop\工作文档\HT66F018\software_library_ADC_interrupt_example_V11\src\HT8_it.c"
  56  0001              #pragma debug scope 1 1
  56  0001              public _Timer0_ISR
  56  0001              #pragma debug scope 4 1
  68  0001              #line 68 "C:\Users\EDY\Desktop\工作文档\HT66F018\software_library_ADC_interrupt_example_V11\src\HT8_it.c"
  68  0000              @Timer0_ISR_code .section at 12 'code'
  68  0000              _Timer0_ISR:
  68  0000  0004        	reti
  68  0001              #line 68 "C:\Users\EDY\Desktop\工作文档\HT66F018\software_library_ADC_interrupt_example_V11\src\HT8_it.c"
  68  0001              #pragma debug scope 1 1
  68  0001              public _Timer1_2_ISR
  68  0001              #pragma debug scope 5 1
  80  0001              #line 80 "C:\Users\EDY\Desktop\工作文档\HT66F018\software_library_ADC_interrupt_example_V11\src\HT8_it.c"
  80  0000              @Timer1_2_ISR_code .section at 16 'code'
  80  0000              _Timer1_2_ISR:
  80  0000  0004        	reti
  80  0001              #line 80 "C:\Users\EDY\Desktop\工作文档\HT66F018\software_library_ADC_interrupt_example_V11\src\HT8_it.c"
  80  0001              #pragma debug scope 1 1
  80  0001              public _LVD_EEPROM_ISR
  80  0001              #pragma debug scope 6 1
  92  0001              #line 92 "C:\Users\EDY\Desktop\工作文档\HT66F018\software_library_ADC_interrupt_example_V11\src\HT8_it.c"
  92  0000              @LVD_EEPROM_ISR_code .section at 20 'code'
  92  0000              _LVD_EEPROM_ISR:
  92  0000  0004        	reti
  92  0001              #line 92 "C:\Users\EDY\Desktop\工作文档\HT66F018\software_library_ADC_interrupt_example_V11\src\HT8_it.c"
  92  0001              #pragma debug scope 1 1
  92  0001              ___adrh equ [33]
  92  0001              ___adrl equ [32]
  92  0001              public _ADC_ISR
  92  0001              #pragma debug scope 7 1
 104  0001              #line 104 "C:\Users\EDY\Desktop\工作文档\HT66F018\software_library_ADC_interrupt_example_V11\src\HT8_it.c"
 104  0000              @ADC_ISR_code .section at 24 'code'
 104  0000  0080     E  	mov r1,a
 104  0001  070A        	mov a,status
 104  0002  0080     E  	mov r2,a
 104  0003  2800     R  	jmp _ADC_ISR
 104  0004              #pragma debug scope 1 1
 104  0004              @dummy24 endp
 104  0004              #pragma debug scope 8 1
 104  0000              _ADC_ISR .section 'code'
 104  0000              _ADC_ISR proc
 105  0000              #line 105 "C:\Users\EDY\Desktop\工作文档\HT66F018\software_library_ADC_interrupt_example_V11\src\HT8_it.c"
 105  0000  0721        	mov a,[33]
 105  0001  0080     E  	mov rc,a
 105  0002  1F00     E  	clr rb
 105  0003  0700     E  	mov a,rc
文件：HT8_it.c     编译器版本 HGASM 0202 页次3

 105  0004  0080     E  	mov _g_nADC_ISR_Value[1],a
 105  0005  0720        	mov a,[32]
 105  0006  0500     E  	or a,rb
 105  0007  0080     E  	mov _g_nADC_ISR_Value[0],a
 107  0008              #line 107 "C:\Users\EDY\Desktop\工作文档\HT66F018\software_library_ADC_interrupt_example_V11\src\HT8_it.c"
 107  0008              ;# 107 "C:\Users\EDY\Desktop\工作文档\HT66F018\software_library_ADC_interrupt_example_V11\src\HT8_it.c" 1
 107  0008              	IF 1>263690
 107  0008              ;# 107 "C:\Users\EDY\Desktop\工作文档\HT66F018\software_library_ADC_interrupt_example_V11\src\HT8_it.c" 1
 107  0008              	ERRMESSAGE 'the value 1of the argument exceeds the maxinum 263690'
 107  0008              	ENDIF
 107  0008              ;# 107 "C:\Users\EDY\Desktop\工作文档\HT66F018\software_library_ADC_interrupt_example_V11\src\HT8_it.c" 1
 107  0008              	IF 1<0
 107  0008              ;# 107 "C:\Users\EDY\Desktop\工作文档\HT66F018\software_library_ADC_interrupt_example_V11\src\HT8_it.c" 1
 107  0008              	ERRMESSAGE 'the value 1 of the argument exceeds the mininum 0'
 107  0008              	ENDIF
 107  0008              ;# 107 "C:\Users\EDY\Desktop\工作文档\HT66F018\software_library_ADC_interrupt_example_V11\src\HT8_it.c" 1
 107  0008              	IF 1==0
 107  0008              ;# 107 "C:\Users\EDY\Desktop\工作文档\HT66F018\software_library_ADC_interrupt_example_V11\src\HT8_it.c" 1
 107  0008              	JMP $
 107  0008              	ENDIF
 107  0008              ;# 107 "C:\Users\EDY\Desktop\工作文档\HT66F018\software_library_ADC_interrupt_example_V11\src\HT8_it.c" 1
 107  0008              	IF 1==1
 107  0008              ;# 107 "C:\Users\EDY\Desktop\工作文档\HT66F018\software_library_ADC_interrupt_example_V11\src\HT8_it.c" 1
 107  0008  0000        	NOP
 107  0009              	ENDIF
 107  0009              ;# 107 "C:\Users\EDY\Desktop\工作文档\HT66F018\software_library_ADC_interrupt_example_V11\src\HT8_it.c" 1
 107  0009              	IF 1==2
 107  0009              ;# 107 "C:\Users\EDY\Desktop\工作文档\HT66F018\software_library_ADC_interrupt_example_V11\src\HT8_it.c" 1
 107  0009              	NOP
 107  0009              ;# 107 "C:\Users\EDY\Desktop\工作文档\HT66F018\software_library_ADC_interrupt_example_V11\src\HT8_it.c" 1
 107  0009              	NOP
 107  0009              	ENDIF
 107  0009              ;# 107 "C:\Users\EDY\Desktop\工作文档\HT66F018\software_library_ADC_interrupt_example_V11\src\HT8_it.c" 1
 107  0009              	IF 1==3
 107  0009              ;# 107 "C:\Users\EDY\Desktop\工作文档\HT66F018\software_library_ADC_interrupt_example_V11\src\HT8_it.c" 1
 107  0009              	NOP
 107  0009              ;# 107 "C:\Users\EDY\Desktop\工作文档\HT66F018\software_library_ADC_interrupt_example_V11\src\HT8_it.c" 1
 107  0009              	NOP
 107  0009              ;# 107 "C:\Users\EDY\Desktop\工作文档\HT66F018\software_library_ADC_interrupt_example_V11\src\HT8_it.c" 1
 107  0009              	NOP
 107  0009              	ENDIF
 107  0009              ;# 107 "C:\Users\EDY\Desktop\工作文档\HT66F018\software_library_ADC_interrupt_example_V11\src\HT8_it.c" 1
 107  0009              	IF (1<8) AND (1>3)
 107  0009              ;# 107 "C:\Users\EDY\Desktop\工作文档\HT66F018\software_library_ADC_interrupt_example_V11\src\HT8_it.c" 1
 107  0009              	CALL __DELAY3 + 7 -1
 107  0009              	ENDIF
 107  0009              ;# 107 "C:\Users\EDY\Desktop\工作文档\HT66F018\software_library_ADC_interrupt_example_V11\src\HT8_it.c" 1
 107  0009              	IF (1< 0404h) AND (1>7)
 107  0009              ;# 107 "C:\Users\EDY\Desktop\工作文档\HT66F018\software_library_ADC_interrupt_example_V11\src\HT8_it.c" 1
 107  0009              	MOV A,1/4-1
 107  0009              ;# 107 "C:\Users\EDY\Desktop\工作文档\HT66F018\software_library_ADC_interrupt_example_V11\src\HT8_it.c" 1
 107  0009              	CALL __DELAYX3 + 3 -(1 MOD 4)
 107  0009              	ENDIF
 107  0009              ;# 107 "C:\Users\EDY\Desktop\工作文档\HT66F018\software_library_ADC_interrupt_example_V11\src\HT8_it.c" 1
 107  0009              	IF (1< 0x40B) AND (1> 0403h)
 107  0009              ;# 107 "C:\Users\EDY\Desktop\工作文档\HT66F018\software_library_ADC_interrupt_example_V11\src\HT8_it.c" 1
 107  0009              	MOV A,0 
 107  0009              ;# 107 "C:\Users\EDY\Desktop\工作文档\HT66F018\software_library_ADC_interrupt_example_V11\src\HT8_it.c" 1
 107  0009              	CALL __DELAYX6 + 0x40a -1
 107  0009              	ENDIF
文件：HT8_it.c     编译器版本 HGASM 0202 页次4

 107  0009              ;# 107 "C:\Users\EDY\Desktop\工作文档\HT66F018\software_library_ADC_interrupt_example_V11\src\HT8_it.c" 1
 107  0009              	IF (1 >= 0x40b) AND ((((1-9)%0402h)/4+1)>256)
 107  0009              ;# 107 "C:\Users\EDY\Desktop\工作文档\HT66F018\software_library_ADC_interrupt_example_V11\src\HT8_it.c" 1
 107  0009              	MOV A,(1-9)/0402h
 107  0009              ;# 107 "C:\Users\EDY\Desktop\工作文档\HT66F018\software_library_ADC_interrupt_example_V11\src\HT8_it.c" 1
 107  0009              	MOV _builtin_holtek_delay_2,A
 107  0009              ;# 107 "C:\Users\EDY\Desktop\工作文档\HT66F018\software_library_ADC_interrupt_example_V11\src\HT8_it.c" 1
 107  0009              	MOV A,0
 107  0009              ;# 107 "C:\Users\EDY\Desktop\工作文档\HT66F018\software_library_ADC_interrupt_example_V11\src\HT8_it.c" 1
 107  0009              	CALL __DELAYY5 +5- (((1-9)%0402h)%6)
 107  0009              	ENDIF
 107  0009              ;# 107 "C:\Users\EDY\Desktop\工作文档\HT66F018\software_library_ADC_interrupt_example_V11\src\HT8_it.c" 1
 107  0009              	IF (1 >= 0x40b) AND ((((1-9)%0402h)/4+1)<=256)
 107  0009              ;# 107 "C:\Users\EDY\Desktop\工作文档\HT66F018\software_library_ADC_interrupt_example_V11\src\HT8_it.c" 1
 107  0009              	MOV A,(1-9)/0402h
 107  0009              ;# 107 "C:\Users\EDY\Desktop\工作文档\HT66F018\software_library_ADC_interrupt_example_V11\src\HT8_it.c" 1
 107  0009              	MOV _builtin_holtek_delay_2,A
 107  0009              ;# 107 "C:\Users\EDY\Desktop\工作文档\HT66F018\software_library_ADC_interrupt_example_V11\src\HT8_it.c" 1
 107  0009              	MOV A,((1-9)%0402h)/4+1
 107  0009              ;# 107 "C:\Users\EDY\Desktop\工作文档\HT66F018\software_library_ADC_interrupt_example_V11\src\HT8_it.c" 1
 107  0009              	CALL __DELAYY3 +3-(((1-9)%0402h)%4)
 107  0009              	ENDIF
 108  0009              #line 108 "C:\Users\EDY\Desktop\工作文档\HT66F018\software_library_ADC_interrupt_example_V11\src\HT8_it.c"
 108  0009  0F01        	mov a,1
 108  000A  0080     E  	mov _g_nADC_Finish[0],a
 108  000B  0700     E  	mov a,r2
 108  000C  008A        	mov status,a
 108  000D  0700     E  	mov a,r1
 108  000E  0004        	reti
 108  000F              _ADC_ISR endp
 108  000F              
 108  000F              #line 108 "C:\Users\EDY\Desktop\工作文档\HT66F018\software_library_ADC_interrupt_example_V11\src\HT8_it.c"
 108  000F              #pragma debug scope 1 1
 108  000F              public _TB0_ISR
 108  000F              #pragma debug scope 9 1
 120  000F              #line 120 "C:\Users\EDY\Desktop\工作文档\HT66F018\software_library_ADC_interrupt_example_V11\src\HT8_it.c"
 120  0000              @TB0_ISR_code .section at 28 'code'
 120  0000              _TB0_ISR:
 120  0000  0004        	reti
 120  0001              #line 120 "C:\Users\EDY\Desktop\工作文档\HT66F018\software_library_ADC_interrupt_example_V11\src\HT8_it.c"
 120  0001              #pragma debug scope 1 1
 120  0001              public _TB1_ISR
 120  0001              #pragma debug scope 10 1
 133  0001              #line 133 "C:\Users\EDY\Desktop\工作文档\HT66F018\software_library_ADC_interrupt_example_V11\src\HT8_it.c"
 133  0000              @TB1_ISR_code .section at 32 'code'
 133  0000              _TB1_ISR:
 133  0000  0004        	reti
 133  0001              #line 133 "C:\Users\EDY\Desktop\工作文档\HT66F018\software_library_ADC_interrupt_example_V11\src\HT8_it.c"
 133  0001              #pragma debug scope 1 1
 133  0001              public _INT1_ISR
 133  0001              #pragma debug scope 11 1
 146  0001              #line 146 "C:\Users\EDY\Desktop\工作文档\HT66F018\software_library_ADC_interrupt_example_V11\src\HT8_it.c"
 146  0000              @INT1_ISR_code .section at 36 'code'
 146  0000              _INT1_ISR:
 146  0000  0004        	reti
 146  0001              #line 146 "C:\Users\EDY\Desktop\工作文档\HT66F018\software_library_ADC_interrupt_example_V11\src\HT8_it.c"
 146  0001              #pragma debug scope 1 1
 146  0001              #pragma debug variable 8 1 ___adrl "__adrl" 1
 146  0001              #pragma debug variable 8 1 ___adrh "__adrh" 1
 146  0001              
文件：HT8_it.c     编译器版本 HGASM 0202 页次5

 146  0001              ; output external variables
 146  0001              extern _g_nADC_Finish:byte
 146  0001              extern _g_nADC_ISR_Value:byte
 146  0001              extern r1:byte
 146  0001              extern r2:byte
 146  0001              
 146  0001              ; 
 146  0001              ; Generated by holtek-gcc v3.19, Thu Jun 13 13:58:09 2024
 146  0001              ; Rebuild 718
 146  0001              ; end of file


        0 Errors, 0