文件：HT8_CTM.c    编译器版本 HGASM 0202 页次1


   1  0000              ; Generated by holtek-gcc v3.19, Thu Jun 13 13:58:10 2024
   2  0000              ; 
   3  0000              ; Configuration:
   4  0000              ;       without long instruction
   5  0000              ;       Single ROM, Multi-RAM
   6  0000              ;       bits_per_rom_unit:16
   7  0000              ;       with mp1
   8  0000              ;       with tbhp, address(0x9)
   9  0000              ;          Use tabrd-const
  10  0000              ;       
  11  0000              ;       
  12  0000              ;       
  13  0000              ; use 'tabrdc' instead of 'tabrd'
  14  0000              ;       
  15  0000              
  16  0000              #pragma translator "holtek-gcc 4.6.4" "3.19" "build 20130711"
  17  0000              ; Rebuild 718
  18  0000              
  19  0000              ir equ [2]
  20  0000              mp equ [3]
  21  0000              sbp equ [1]
  22  0000              acc equ [5]
  23  0000              bp equ [4]
  24  0000              tblp equ [7]
  25  0000              tbhp equ [9]
  26  0000              status equ [10]
  27  0000              c equ [10].0
  28  0000              ac equ [10].1
  29  0000              z equ [10].2
  30  0000              ov equ [10].3
  31  0000              intc equ [11]
  32  0000              
  33  0000              extern ra:byte
  34  0000              extern rb:byte
  35  0000              extern rc:byte
  36  0000              extern rd:byte
  37  0000              extern re:byte
  38  0000              extern rf:byte
  39  0000              extern rg:byte
  40  0000              extern rh:byte
  41  0000              extern _Crom2Prom:near
  42  0000              extern _Crom2PromNext:near
  43  0000              
  44  0000              RAMBANK 0 @HCCINIT, @HCCINIT0
  45  0000              
  46  0000              RAMBANK 0 @BITDATASEC, @BITDATASEC1
  47  0000              @HCCINIT	.section 'data'
  48  0000              @HCCINIT0	.section 'data'
  49  0000              @BITDATASEC	 .section 'data'
  50  0000              @BITDATASEC1	 .section 'data'
  51  0000              
  52  0000              #pragma debug scope 1 1
  53  0000              	extern __DELAY3:near
  54  0000              	extern __DELAYX3:near
  55  0000              	extern __DELAYX6:near
  56  0000              	extern __DELAYY5:near
  57  0000              	extern __DELAYY3:near
  58  0000              	extern _builtin_holtek_delay_2:byte
  59  0000              ___tm2c1 equ [41]
文件：HT8_CTM.ASM  编译器版本 HGASM 0202 页次2

  60  0000              ___tm2c0 equ [40]
  61  0000              public _CTM_Init
  62  0000              #pragma debug scope 2 1

  43  0000              #line 43 "C:\Users\EDY\Desktop\工作文档\HT66F018\software_library_ADC_interrupt_example_V11\src\HT8_CTM.c"
  43  0000              _CTM_Init .section 'code'
  43  0000              _CTM_Init proc
  46  0000              #line 46 "C:\Users\EDY\Desktop\工作文档\HT66F018\software_library_ADC_interrupt_example_V11\src\HT8_CTM.c"
  46  0000  33A9        	set [41].7
  46  0001  3329        	set [41].6
  63  0002              #line 63 "C:\Users\EDY\Desktop\工作文档\HT66F018\software_library_ADC_interrupt_example_V11\src\HT8_CTM.c"
  63  0002  3728        	clr [40].6
  63  0003  36A8        	clr [40].5
  63  0004  3628        	clr [40].4
  92  0005              #line 92 "C:\Users\EDY\Desktop\工作文档\HT66F018\software_library_ADC_interrupt_example_V11\src\HT8_CTM.c"
  92  0005  3029        	set [41].0
  92  0006  0003        	ret
  92  0007              _CTM_Init endp
  92  0007              #line 92 "C:\Users\EDY\Desktop\工作文档\HT66F018\software_library_ADC_interrupt_example_V11\src\HT8_CTM.c"
  92  0007              #pragma debug scope 1 1
  92  0007              public _CTM_PwmOutputConfig
  92  0007              #pragma debug scope 3 1
 111  0007              #line 111 "C:\Users\EDY\Desktop\工作文档\HT66F018\software_library_ADC_interrupt_example_V11\src\HT8_CTM.c"
 111  0000              _CTM_PwmOutputConfig .section 'code'
 111  0000              _CTM_PwmOutputConfig proc
 131  0000              #line 131 "C:\Users\EDY\Desktop\工作文档\HT66F018\software_library_ADC_interrupt_example_V11\src\HT8_CTM.c"
 131  0000  31A9        	set [41].3
 139  0001              #line 139 "C:\Users\EDY\Desktop\工作文档\HT66F018\software_library_ADC_interrupt_example_V11\src\HT8_CTM.c"
 139  0001  3129        	set [41].2
 147  0002              #line 147 "C:\Users\EDY\Desktop\工作文档\HT66F018\software_library_ADC_interrupt_example_V11\src\HT8_CTM.c"
 147  0002  30A9        	set [41].1
 147  0003  0003        	ret
 147  0004              _CTM_PwmOutputConfig endp
 147  0004              #line 147 "C:\Users\EDY\Desktop\工作文档\HT66F018\software_library_ADC_interrupt_example_V11\src\HT8_CTM.c"
 147  0004              #pragma debug scope 1 1
 147  0004              ___tm2al equ [44]
 147  0004              ___tm2ah equ [45]
 147  0004              ___tm2rp equ [46]
 147  0004              public _CTM_PwmUpdate
 147  0004              #pragma debug scope 4 1
 160  0004              #line 160 "C:\Users\EDY\Desktop\工作文档\HT66F018\software_library_ADC_interrupt_example_V11\src\HT8_CTM.c"
 160  0000              _CTM_PwmUpdate .section 'code'
 160  0000              _CTM_PwmUpdate proc
 160  0000              public _CTM_PwmUpdate_2
 160  0000  0003[           local _CTM_PwmUpdate_2 db 3 dup(?)	; 3,0
            00
            ]
 160  0003              #pragma debug variable 10 4 _CTM_PwmUpdate_2+0 "TempCCRA"
 160  0003              #pragma debug variable 8 4 _CTM_PwmUpdate_2+2 "TempCCRP"
 161  0003              #line 161 "C:\Users\EDY\Desktop\工作文档\HT66F018\software_library_ADC_interrupt_example_V11\src\HT8_CTM.c"
 161  0000  0700     R  	mov a,_CTM_PwmUpdate_2[0]
 161  0001  00AC        	mov [44],a
 162  0002              #line 162 "C:\Users\EDY\Desktop\工作文档\HT66F018\software_library_ADC_interrupt_example_V11\src\HT8_CTM.c"
 162  0002  0700     R  	mov a,_CTM_PwmUpdate_2[1]
 162  0003  00AD        	mov [45],a
 163  0004              #line 163 "C:\Users\EDY\Desktop\工作文档\HT66F018\software_library_ADC_interrupt_example_V11\src\HT8_CTM.c"
 163  0004  0700     R  	mov a,_CTM_PwmUpdate_2[2]
 163  0005  00AE        	mov [46],a
 163  0006  0003        	ret
 163  0007              _CTM_PwmUpdate endp
文件：HT8_CTM.c    编译器版本 HGASM 0202 页次3

 163  0007              #line 163 "C:\Users\EDY\Desktop\工作文档\HT66F018\software_library_ADC_interrupt_example_V11\src\HT8_CTM.c"
 163  0007              #pragma debug scope 1 1
 163  0007              public _CTM_CounterModeConfig
 163  0007              #pragma debug scope 5 1
 178  0007              #line 178 "C:\Users\EDY\Desktop\工作文档\HT66F018\software_library_ADC_interrupt_example_V11\src\HT8_CTM.c"
 178  0000              _CTM_CounterModeConfig .section 'code'
 178  0000              _CTM_CounterModeConfig proc
 178  0000              public _CTM_CounterModeConfig_2
 178  0000  0002[           local _CTM_CounterModeConfig_2 db 2 dup(?)	; 2,0
            00
            ]
 178  0002              #pragma debug variable 10 5 _CTM_CounterModeConfig_2+0 "TempPeriod"
 180  0002              #line 180 "C:\Users\EDY\Desktop\工作文档\HT66F018\software_library_ADC_interrupt_example_V11\src\HT8_CTM.c"
 180  0000  0700     R  	mov a,_CTM_CounterModeConfig_2[0]
 180  0001  00AC        	mov [44],a
 181  0002              #line 181 "C:\Users\EDY\Desktop\工作文档\HT66F018\software_library_ADC_interrupt_example_V11\src\HT8_CTM.c"
 181  0002  0700     R  	mov a,_CTM_CounterModeConfig_2[1]
 181  0003  00AD        	mov [45],a
 181  0004  0003        	ret
 181  0005              _CTM_CounterModeConfig endp
 181  0005              #line 181 "C:\Users\EDY\Desktop\工作文档\HT66F018\software_library_ADC_interrupt_example_V11\src\HT8_CTM.c"
 181  0005              #pragma debug scope 1 1
 181  0005              public _CTM_CompareMatchOutputConfig
 181  0005              #pragma debug scope 6 1
 198  0005              #line 198 "C:\Users\EDY\Desktop\工作文档\HT66F018\software_library_ADC_interrupt_example_V11\src\HT8_CTM.c"
 198  0000              _CTM_CompareMatchOutputConfig .section 'code'
 198  0000              _CTM_CompareMatchOutputConfig proc
 218  0000              #line 218 "C:\Users\EDY\Desktop\工作文档\HT66F018\software_library_ADC_interrupt_example_V11\src\HT8_CTM.c"
 218  0000  31A9        	set [41].3
 226  0001              #line 226 "C:\Users\EDY\Desktop\工作文档\HT66F018\software_library_ADC_interrupt_example_V11\src\HT8_CTM.c"
 226  0001  3129        	set [41].2
 226  0002  0003        	ret
 226  0003              _CTM_CompareMatchOutputConfig endp
 226  0003              #line 226 "C:\Users\EDY\Desktop\工作文档\HT66F018\software_library_ADC_interrupt_example_V11\src\HT8_CTM.c"
 226  0003              #pragma debug scope 1 1
 226  0003              public _CTM_CompareMatchOutputUpdate
 226  0003              #pragma debug scope 7 1
 243  0003              #line 243 "C:\Users\EDY\Desktop\工作文档\HT66F018\software_library_ADC_interrupt_example_V11\src\HT8_CTM.c"
 243  0000              _CTM_CompareMatchOutputUpdate .section 'code'
 243  0000              _CTM_CompareMatchOutputUpdate proc
 243  0000              public _CTM_CompareMatchOutputUpdate_2
 243  0000  0002[           local _CTM_CompareMatchOutputUpdate_2 db 2 dup(?)	; 2,0
            00
            ]
 243  0002              #pragma debug variable 10 7 _CTM_CompareMatchOutputUpdate_2+0 "TempMatchTime"
 245  0002              #line 245 "C:\Users\EDY\Desktop\工作文档\HT66F018\software_library_ADC_interrupt_example_V11\src\HT8_CTM.c"
 245  0000  0700     R  	mov a,_CTM_CompareMatchOutputUpdate_2[0]
 245  0001  00AC        	mov [44],a
 246  0002              #line 246 "C:\Users\EDY\Desktop\工作文档\HT66F018\software_library_ADC_interrupt_example_V11\src\HT8_CTM.c"
 246  0002  0700     R  	mov a,_CTM_CompareMatchOutputUpdate_2[1]
 246  0003  00AD        	mov [45],a
 246  0004  0003        	ret
 246  0005              _CTM_CompareMatchOutputUpdate endp
 246  0005              #line 246 "C:\Users\EDY\Desktop\工作文档\HT66F018\software_library_ADC_interrupt_example_V11\src\HT8_CTM.c"
 246  0005              #pragma debug scope 1 1
 246  0005              #pragma debug struct_end
 246  0005              #pragma debug struct_end
 246  0005              #pragma debug union_end
 246  0005              #pragma debug union_end
 246  0005              #pragma debug variable 43 1 ___tm2c0 "__tm2c0" 1
文件：HT8_CTM.c    编译器版本 HGASM 0202 页次4

 246  0005              #pragma debug struct_end
 246  0005              #pragma debug struct_end
 246  0005              #pragma debug union_end
 246  0005              #pragma debug union_end
 246  0005              #pragma debug variable 45 1 ___tm2c1 "__tm2c1" 1
 246  0005              #pragma debug variable 8 1 ___tm2al "__tm2al" 1
 246  0005              #pragma debug variable 8 1 ___tm2ah "__tm2ah" 1
 246  0005              #pragma debug struct_end
 246  0005              #pragma debug struct_end
 246  0005              #pragma debug union_end
 246  0005              #pragma debug union_end
 246  0005              #pragma debug variable 47 1 ___tm2rp "__tm2rp" 1
 246  0005              
 246  0005              ; 
 246  0005              ; Generated by holtek-gcc v3.19, Thu Jun 13 13:58:10 2024
 246  0005              ; Rebuild 718
 246  0005              ; end of file


        0 Errors, 0