文件：main.c       编译器版本 HGASM 0202 页次1


   1  0000              ; Generated by holtek-gcc v3.19, Thu Jun 13 13:58:10 2024
   2  0000              ; 
   3  0000              ; Configuration:
   4  0000              ;       without long instruction
   5  0000              ;       Single ROM, Multi-RAM
   6  0000              ;       bits_per_rom_unit:16
   7  0000              ;       with mp1
   8  0000              ;       with tbhp, address(0x9)
   9  0000              ;          Use tabrd-const
  10  0000              ;       
  11  0000              ;       
  12  0000              ;       
  13  0000              ; use 'tabrdc' instead of 'tabrd'
  14  0000              ;       
  15  0000              
  16  0000              #pragma translator "holtek-gcc 4.6.4" "3.19" "build 20130711"
  17  0000              ; Rebuild 718
  18  0000              
  19  0000              ir equ [2]
  20  0000              mp equ [3]
  21  0000              sbp equ [1]
  22  0000              acc equ [5]
  23  0000              bp equ [4]
  24  0000              tblp equ [7]
  25  0000              tbhp equ [9]
  26  0000              status equ [10]
  27  0000              c equ [10].0
  28  0000              ac equ [10].1
  29  0000              z equ [10].2
  30  0000              ov equ [10].3
  31  0000              intc equ [11]
  32  0000              
  33  0000              extern ra:byte
  34  0000              extern rb:byte
  35  0000              extern rc:byte
  36  0000              extern rd:byte
  37  0000              extern re:byte
  38  0000              extern rf:byte
  39  0000              extern rg:byte
  40  0000              extern rh:byte
  41  0000              extern _Crom2Prom:near
  42  0000              extern _Crom2PromNext:near
  43  0000              
  44  0000              RAMBANK 0 @HCCINIT, @HCCINIT0
  45  0000              
  46  0000              RAMBANK 0 @BITDATASEC, @BITDATASEC1
  47  0000              @HCCINIT	.section 'data'
  48  0000              @HCCINIT0	.section 'data'
  49  0000              @BITDATASEC	 .section 'data'
  50  0000              @BITDATASEC1	 .section 'data'
  51  0000              
  52  0000              #pragma debug scope 1 1
  53  0000              	extern __DELAY3:near
  54  0000              	extern __DELAYX3:near
  55  0000              	extern __DELAYX6:near
  56  0000              	extern __DELAYY5:near
  57  0000              	extern __DELAYY3:near
  58  0000              	extern _builtin_holtek_delay_2:byte
  59  0000              public _addSample
文件：main.ASM     编译器版本 HGASM 0202 页次2

  60  0000              #pragma debug scope 2 1

  55  0000              #line 55 "C:\Users\EDY\Desktop\工作文档\HT66F018\software_library_ADC_interrupt_example_V11\src\main.c"
  55  0000              _addSample .section 'code'
  55  0000              _addSample proc
  55  0000              public _addSample_2
  55  0000  0002[           local _addSample_2 db 2 dup(?)	; 2,0
            00
            ]
  55  0002              #pragma debug variable 10 2 _addSample_2+0 "sample"
  56  0002              #line 56 "C:\Users\EDY\Desktop\工作文档\HT66F018\software_library_ADC_interrupt_example_V11\src\main.c"
  56  0000  0700     R  	mov a,_bufferHead[0]
  56  0001  0080     E  	mov rb,a
  56  0002  0700     R  	mov a,_bufferHead[1]
  56  0003  0080     E  	mov rc,a
  56  0004  340A        	clr c
  56  0005  1A00     E  	rlca rb
  56  0006  0080     E  	mov rd,a
  56  0007  1A00     E  	rlca rc
  56  0008  0080     E  	mov re,a
  56  0009  0F00     R  	mov a,low offset _buffer
  56  000A  0300     E  	add a,rd
  56  000B  0083        	mov mp,a
  56  000C  0F00     R  	mov a,high offset _buffer
  56  000D  1300     E  	adc a,re
  56  000E  0081        	mov sbp,a
  56  000F  0701        	mov a,sbp
  56  0010  0084        	mov bp,a
  56  0011  0700     R  	mov a,_addSample_2[0]
  56  0012  0082        	mov ir,a
  56  0013  1483        	inc mp
  56  0014  0700     R  	mov a,_addSample_2[1]
  56  0015  0082        	mov ir,a
  57  0016              #line 57 "C:\Users\EDY\Desktop\工作文档\HT66F018\software_library_ADC_interrupt_example_V11\src\main.c"
  57  0016  1480     E  	inc rb
  57  0017  3D0A        	sz z
  57  0018  1480     E  	inc rc
  57  0019  1F00     E  	clr _builtin_holtek_udivmodhi4_2[6]
  57  001A  0700     E  	mov a,rb  
  57  001B  0080     E  	mov _builtin_holtek_udivmodhi4_2[0],a  
  57  001C  0700     E  	mov a,rc  
  57  001D  0080     E  	mov _builtin_holtek_udivmodhi4_2[1],a
  57  001E  0F0F        	mov a,15  
  57  001F  0080     E  	mov _builtin_holtek_udivmodhi4_2[2],a  
  57  0020  1F00     E  	clr _builtin_holtek_udivmodhi4_2[3]
  57  0021  2000     E  	call _builtin_holtek_udivmodhi4
  57  0022  0700     E  	mov a,_builtin_holtek_udivmodhi4_2[4]  
  57  0023  0080     R  	mov _bufferHead[0],a  
  57  0024  0700     E  	mov a,_builtin_holtek_udivmodhi4_2[5]  
  57  0025  0080     R  	mov _bufferHead[1],a
  58  0026              #line 58 "C:\Users\EDY\Desktop\工作文档\HT66F018\software_library_ADC_interrupt_example_V11\src\main.c"
  58  0026  0700     R  	mov a,_bufferCount[0]
  58  0027  0080     E  	mov rb,a
  58  0028  0700     R  	mov a,_bufferCount[1]
  58  0029  0080     E  	mov rc,a
  58  002A  0F0E        	mov a,14
  58  002B  0200     E  	sub a,rb
  58  002C  0F00        	mov a,0
  58  002D  1200     E  	sbc a,rc
  58  002E  380A        	snz c
文件：main.c       编译器版本 HGASM 0202 页次3

  58  002F  2800     R  	jmp _L2
  58  0030              #line 58 "C:\Users\EDY\Desktop\工作文档\HT66F018\software_library_ADC_interrupt_example_V11\src\main.c"
  58  0030  0F01        	mov a,1
  58  0031  0300     E  	add a,rb
  58  0032  0080     R  	mov _bufferCount[0],a
  58  0033  0F00        	mov a,0
  58  0034  1300     E  	adc a,rc
  58  0035  0080     R  	mov _bufferCount[1],a
  58  0036  2800     R  	jmp _L1
  58  0037              _L2:
  59  0037              #line 59 "C:\Users\EDY\Desktop\工作文档\HT66F018\software_library_ADC_interrupt_example_V11\src\main.c"
  59  0037  0F0F        	mov a,15
  59  0038  0080     R  	mov _bufferCount[0],a
  59  0039  1F00     R  	clr _bufferCount[1]
  59  003A              _L1:
  59  003A  0003        	ret
  59  003B              _addSample endp
  59  003B              #line 59 "C:\Users\EDY\Desktop\工作文档\HT66F018\software_library_ADC_interrupt_example_V11\src\main.c"
  59  003B              #pragma debug scope 1 1
  59  003B              public _insertSort
  59  003B              #pragma debug scope 3 1
  63  003B              #line 63 "C:\Users\EDY\Desktop\工作文档\HT66F018\software_library_ADC_interrupt_example_V11\src\main.c"
  63  0000              _insertSort .section 'code'
  63  0000              _insertSort proc
  63  0000              public _insertSort_2
  63  0000  000C[           local _insertSort_2 db 12 dup(?)	; 4,8
            00
            ]
  63  000C              #pragma debug pointer 42 12 3
  63  000C              #pragma debug pointer 42 12 3
  63  000C              #pragma debug variable 42 3 _insertSort_2+0 "arr"
  63  000C              #pragma debug variable 11 3 _insertSort_2+2 "n"
  63  000C              #pragma debug variable 11 3 _insertSort_2+4 "j"
  65  000C              #line 65 "C:\Users\EDY\Desktop\工作文档\HT66F018\software_library_ADC_interrupt_example_V11\src\main.c"
  65  0000  0F01        	mov a,1
  65  0001  0080     E  	mov rb,a
  65  0002  1F00     E  	clr rc
  65  0003  2800     R  	jmp _L6
  65  0004              _L12:
  65  0004  340A        	clr c
  65  0005  1A00     E  	rlca rb
  65  0006  0080     E  	mov rd,a
  65  0007  1A00     E  	rlca rc
  65  0008  0080     E  	mov re,a
  65  0009  0700     E  	mov a,rd
  65  000A  0300     R  	add a,_insertSort_2[0]
  65  000B  0080     R  	mov _insertSort_2[10],a
  65  000C  0700     E  	mov a,re
  65  000D  1300     R  	adc a,_insertSort_2[1]
  65  000E  0080     R  	mov _insertSort_2[11],a
  67  000F              #line 67 "C:\Users\EDY\Desktop\工作文档\HT66F018\software_library_ADC_interrupt_example_V11\src\main.c"
  67  000F  0700     R  	mov a,_insertSort_2[10]
  67  0010  0083        	mov mp,a
  67  0011  0700     R  	mov a,_insertSort_2[11]
  67  0012  0081        	mov sbp,a
  67  0013  2000     E  	call _Crom2Prom
  67  0014  0080     R  	mov _insertSort_2[6],a
  67  0015  2000     E  	call _Crom2PromNext
  67  0016  0080     R  	mov _insertSort_2[7],a
  67  0017  0FFF        	mov a,255
文件：main.c       编译器版本 HGASM 0202 页次4

  67  0018  0300     E  	add a,rb
  67  0019  0080     R  	mov _insertSort_2[4],a
  67  001A  0FFF        	mov a,255
  67  001B  1300     E  	adc a,rc
  67  001C  0080     R  	mov _insertSort_2[5],a
  70  001D              #line 70 "C:\Users\EDY\Desktop\工作文档\HT66F018\software_library_ADC_interrupt_example_V11\src\main.c"
  70  001D  1F00     E  	clr rd
  70  001E  1F00     E  	clr re
  70  001F              _L7:
  70  001F  3C00     R  	sz _insertSort_2[5].7
  70  0020  2800     R  	jmp _L9
  70  0021  340A        	clr c
  70  0022  1A00     E  	rlca rd
  70  0023  0080     E  	mov rf,a
  70  0024  1A00     E  	rlca re
  70  0025  0080     E  	mov rg,a
  70  0026  0700     E  	mov a,rf
  70  0027  0300     R  	add a,_insertSort_2[10]
  70  0028  0080     R  	mov _insertSort_2[8],a
  70  0029  0700     E  	mov a,rg
  70  002A  1300     R  	adc a,_insertSort_2[11]
  70  002B  0080     R  	mov _insertSort_2[9],a
  70  002C  0FFE        	mov a,254
  70  002D  0300     R  	add a,_insertSort_2[8]
  70  002E  0083        	mov mp,a
  70  002F  0FFF        	mov a,255
  70  0030  1300     R  	adc a,_insertSort_2[9]
  70  0031  0081        	mov sbp,a
  70  0032  2000     E  	call _Crom2Prom
  70  0033  0080     E  	mov rf,a
  70  0034  2000     E  	call _Crom2PromNext
  70  0035  0080     E  	mov rg,a
  70  0036  0700     R  	mov a,_insertSort_2[6]
  70  0037  0200     E  	sub a,rf
  70  0038  0700     R  	mov a,_insertSort_2[7]
  70  0039  1200     E  	sbc a,rg
  70  003A  3C0A        	sz c
  70  003B  2800     R  	jmp _L9
  72  003C              #line 72 "C:\Users\EDY\Desktop\工作文档\HT66F018\software_library_ADC_interrupt_example_V11\src\main.c"
  72  003C  0700     R  	mov a,_insertSort_2[8]
  72  003D  0083        	mov mp,a
  72  003E  0700     R  	mov a,_insertSort_2[9]
  72  003F  0081        	mov sbp,a
  72  0040  0701        	mov a,sbp
  72  0041  0084        	mov bp,a
  72  0042  0700     E  	mov a,rf
  72  0043  0082        	mov ir,a
  72  0044  1483        	inc mp
  72  0045  0700     E  	mov a,rg
  72  0046  0082        	mov ir,a
  73  0047              #line 73 "C:\Users\EDY\Desktop\工作文档\HT66F018\software_library_ADC_interrupt_example_V11\src\main.c"
  73  0047  0FFF        	mov a,255
  73  0048  0380     R  	addm a,_insertSort_2[4]
  73  0049  0FFF        	mov a,255
  73  004A  1380     R  	adcm a,_insertSort_2[5]
  73  004B  0FFF        	mov a,255
  73  004C  0380     E  	addm a,rd
  73  004D  0FFF        	mov a,255
  73  004E  1380     E  	adcm a,re
  73  004F  2800     R  	jmp _L7
文件：main.c       编译器版本 HGASM 0202 页次5

  73  0050              _L9:
  75  0050              #line 75 "C:\Users\EDY\Desktop\工作文档\HT66F018\software_library_ADC_interrupt_example_V11\src\main.c"
  75  0050  0F01        	mov a,1
  75  0051  0300     R  	add a,_insertSort_2[4]
  75  0052  0080     E  	mov rd,a
  75  0053  0F00        	mov a,0
  75  0054  1300     R  	adc a,_insertSort_2[5]
  75  0055  0080     E  	mov re,a
  75  0056  340A        	clr c
  75  0057  1A80     E  	rlc rd
  75  0058  1A80     E  	rlc re
  75  0059  0700     E  	mov a,rd
  75  005A  0300     R  	add a,_insertSort_2[0]
  75  005B  0083        	mov mp,a
  75  005C  0700     E  	mov a,re
  75  005D  1300     R  	adc a,_insertSort_2[1]
  75  005E  0081        	mov sbp,a
  75  005F  0701        	mov a,sbp
  75  0060  0084        	mov bp,a
  75  0061  0700     R  	mov a,_insertSort_2[6]
  75  0062  0082        	mov ir,a
  75  0063  1483        	inc mp
  75  0064  0700     R  	mov a,_insertSort_2[7]
  75  0065  0082        	mov ir,a
  65  0066              #line 65 "C:\Users\EDY\Desktop\工作文档\HT66F018\software_library_ADC_interrupt_example_V11\src\main.c"
  65  0066  1480     E  	inc rb
  65  0067  3D0A        	sz z
  65  0068  1480     E  	inc rc
  65  0069              _L6:
  65  0069  0700     E  	mov a,rb
  65  006A  0200     R  	sub a,_insertSort_2[2]
  65  006B  0700     E  	mov a,rc
  65  006C  1200     R  	sbc a,_insertSort_2[3]
  65  006D  1185        	swap acc
  65  006E  040A        	xor a,status
  65  006F  3D85        	sz acc.3
  65  0070  2800     R  	jmp _L12
  65  0071  0003        	ret
  65  0072              _insertSort endp
  65  0072              #line 65 "C:\Users\EDY\Desktop\工作文档\HT66F018\software_library_ADC_interrupt_example_V11\src\main.c"
  65  0072              #pragma debug scope 1 1
  65  0072              public _getSimpleMedian
  65  0072              #pragma debug scope 4 1
  80  0072              #line 80 "C:\Users\EDY\Desktop\工作文档\HT66F018\software_library_ADC_interrupt_example_V11\src\main.c"
  80  0000              _getSimpleMedian .section 'code'
  80  0000              _getSimpleMedian proc
  81  0000              #line 81 "C:\Users\EDY\Desktop\工作文档\HT66F018\software_library_ADC_interrupt_example_V11\src\main.c"
  81  0000  0700     R  	mov a,_bufferCount[0]
  81  0001  0080     R  	mov _insertSort_2[2],a
  81  0002  0700     R  	mov a,_bufferCount[1]
  81  0003  0080     R  	mov _insertSort_2[3],a
  81  0004  0F00     R  	mov a,low offset _buffer
  81  0005  0080     R  	mov _insertSort_2[0],a
  81  0006  0F00     R  	mov a,high offset _buffer
  81  0007  0080     R  	mov _insertSort_2[1],a
  81  0008  2000     R  	call _insertSort
  82  0009              #line 82 "C:\Users\EDY\Desktop\工作文档\HT66F018\software_library_ADC_interrupt_example_V11\src\main.c"
  82  0009  0700     R  	mov a,_bufferCount[0]
  82  000A  0080     E  	mov rb,a
  82  000B  0700     R  	mov a,_bufferCount[1]
文件：main.c       编译器版本 HGASM 0202 页次6

  82  000C  0080     E  	mov rc,a
  82  000D  340A        	clr c
  82  000E  1B80     E  	rrc rc
  82  000F  1B80     E  	rrc rb
  82  0010  340A        	clr c
  82  0011  1A80     E  	rlc rb
  82  0012  1A80     E  	rlc rc
  82  0013  0F00     R  	mov a,low offset _buffer
  82  0014  0300     E  	add a,rb
  82  0015  0083        	mov mp,a
  82  0016  0F00     R  	mov a,high offset _buffer
  82  0017  1300     E  	adc a,rc
  82  0018  0081        	mov sbp,a
  82  0019  2000     E  	call _Crom2Prom
  82  001A  0080     E  	mov ra,a
  82  001B  2000     E  	call _Crom2PromNext
  82  001C  0080     E  	mov rb,a
  82  001D  0003        	ret
  82  001E              _getSimpleMedian endp
  82  001E              #line 82 "C:\Users\EDY\Desktop\工作文档\HT66F018\software_library_ADC_interrupt_example_V11\src\main.c"
  82  001E              #pragma debug scope 1 1
  82  001E              ___mfi1 equ [18]
  82  001E              ___pb equ [37]
  82  001E              public _openLED
  82  001E              #pragma debug scope 5 1
  86  001E              #line 86 "C:\Users\EDY\Desktop\工作文档\HT66F018\software_library_ADC_interrupt_example_V11\src\main.c"
  86  0000              _openLED .section 'code'
  86  0000              _openLED proc
  87  0000              #line 87 "C:\Users\EDY\Desktop\工作文档\HT66F018\software_library_ADC_interrupt_example_V11\src\main.c"
  87  0000  1080     R  	sz _ledisEnable[0]
  87  0001  2800     R  	jmp _L15
  89  0002              #line 89 "C:\Users\EDY\Desktop\工作文档\HT66F018\software_library_ADC_interrupt_example_V11\src\main.c"
  89  0002              ;# 89 "C:\Users\EDY\Desktop\工作文档\HT66F018\software_library_ADC_interrupt_example_V11\src\main.c" 1
  89  0002              	IF 2000>263690
  89  0002              ;# 89 "C:\Users\EDY\Desktop\工作文档\HT66F018\software_library_ADC_interrupt_example_V11\src\main.c" 1
  89  0002              	ERRMESSAGE 'the value 2000of the argument exceeds the maxinum 263690'
  89  0002              	ENDIF
  89  0002              ;# 89 "C:\Users\EDY\Desktop\工作文档\HT66F018\software_library_ADC_interrupt_example_V11\src\main.c" 1
  89  0002              	IF 2000<0
  89  0002              ;# 89 "C:\Users\EDY\Desktop\工作文档\HT66F018\software_library_ADC_interrupt_example_V11\src\main.c" 1
  89  0002              	ERRMESSAGE 'the value 2000 of the argument exceeds the mininum 0'
  89  0002              	ENDIF
  89  0002              ;# 89 "C:\Users\EDY\Desktop\工作文档\HT66F018\software_library_ADC_interrupt_example_V11\src\main.c" 1
  89  0002              	IF 2000==0
  89  0002              ;# 89 "C:\Users\EDY\Desktop\工作文档\HT66F018\software_library_ADC_interrupt_example_V11\src\main.c" 1
  89  0002              	JMP $
  89  0002              	ENDIF
  89  0002              ;# 89 "C:\Users\EDY\Desktop\工作文档\HT66F018\software_library_ADC_interrupt_example_V11\src\main.c" 1
  89  0002              	IF 2000==1
  89  0002              ;# 89 "C:\Users\EDY\Desktop\工作文档\HT66F018\software_library_ADC_interrupt_example_V11\src\main.c" 1
  89  0002              	NOP
  89  0002              	ENDIF
  89  0002              ;# 89 "C:\Users\EDY\Desktop\工作文档\HT66F018\software_library_ADC_interrupt_example_V11\src\main.c" 1
  89  0002              	IF 2000==2
  89  0002              ;# 89 "C:\Users\EDY\Desktop\工作文档\HT66F018\software_library_ADC_interrupt_example_V11\src\main.c" 1
  89  0002              	NOP
  89  0002              ;# 89 "C:\Users\EDY\Desktop\工作文档\HT66F018\software_library_ADC_interrupt_example_V11\src\main.c" 1
  89  0002              	NOP
  89  0002              	ENDIF
  89  0002              ;# 89 "C:\Users\EDY\Desktop\工作文档\HT66F018\software_library_ADC_interrupt_example_V11\src\main.c" 1
文件：main.c       编译器版本 HGASM 0202 页次7

  89  0002              	IF 2000==3
  89  0002              ;# 89 "C:\Users\EDY\Desktop\工作文档\HT66F018\software_library_ADC_interrupt_example_V11\src\main.c" 1
  89  0002              	NOP
  89  0002              ;# 89 "C:\Users\EDY\Desktop\工作文档\HT66F018\software_library_ADC_interrupt_example_V11\src\main.c" 1
  89  0002              	NOP
  89  0002              ;# 89 "C:\Users\EDY\Desktop\工作文档\HT66F018\software_library_ADC_interrupt_example_V11\src\main.c" 1
  89  0002              	NOP
  89  0002              	ENDIF
  89  0002              ;# 89 "C:\Users\EDY\Desktop\工作文档\HT66F018\software_library_ADC_interrupt_example_V11\src\main.c" 1
  89  0002              	IF (2000<8) AND (2000>3)
  89  0002              ;# 89 "C:\Users\EDY\Desktop\工作文档\HT66F018\software_library_ADC_interrupt_example_V11\src\main.c" 1
  89  0002              	CALL __DELAY3 + 7 -2000
  89  0002              	ENDIF
  89  0002              ;# 89 "C:\Users\EDY\Desktop\工作文档\HT66F018\software_library_ADC_interrupt_example_V11\src\main.c" 1
  89  0002              	IF (2000< 0404h) AND (2000>7)
  89  0002              ;# 89 "C:\Users\EDY\Desktop\工作文档\HT66F018\software_library_ADC_interrupt_example_V11\src\main.c" 1
  89  0002              	MOV A,2000/4-1
  89  0002              ;# 89 "C:\Users\EDY\Desktop\工作文档\HT66F018\software_library_ADC_interrupt_example_V11\src\main.c" 1
  89  0002              	CALL __DELAYX3 + 3 -(2000 MOD 4)
  89  0002              	ENDIF
  89  0002              ;# 89 "C:\Users\EDY\Desktop\工作文档\HT66F018\software_library_ADC_interrupt_example_V11\src\main.c" 1
  89  0002              	IF (2000< 0x40B) AND (2000> 0403h)
  89  0002              ;# 89 "C:\Users\EDY\Desktop\工作文档\HT66F018\software_library_ADC_interrupt_example_V11\src\main.c" 1
  89  0002              	MOV A,0 
  89  0002              ;# 89 "C:\Users\EDY\Desktop\工作文档\HT66F018\software_library_ADC_interrupt_example_V11\src\main.c" 1
  89  0002              	CALL __DELAYX6 + 0x40a -2000
  89  0002              	ENDIF
  89  0002              ;# 89 "C:\Users\EDY\Desktop\工作文档\HT66F018\software_library_ADC_interrupt_example_V11\src\main.c" 1
  89  0002              	IF (2000 >= 0x40b) AND ((((2000-9)%0402h)/4+1)>256)
  89  0002              ;# 89 "C:\Users\EDY\Desktop\工作文档\HT66F018\software_library_ADC_interrupt_example_V11\src\main.c" 1
  89  0002              	MOV A,(2000-9)/0402h
  89  0002              ;# 89 "C:\Users\EDY\Desktop\工作文档\HT66F018\software_library_ADC_interrupt_example_V11\src\main.c" 1
  89  0002              	MOV _builtin_holtek_delay_2,A
  89  0002              ;# 89 "C:\Users\EDY\Desktop\工作文档\HT66F018\software_library_ADC_interrupt_example_V11\src\main.c" 1
  89  0002              	MOV A,0
  89  0002              ;# 89 "C:\Users\EDY\Desktop\工作文档\HT66F018\software_library_ADC_interrupt_example_V11\src\main.c" 1
  89  0002              	CALL __DELAYY5 +5- (((2000-9)%0402h)%6)
  89  0002              	ENDIF
  89  0002              ;# 89 "C:\Users\EDY\Desktop\工作文档\HT66F018\software_library_ADC_interrupt_example_V11\src\main.c" 1
  89  0002              	IF (2000 >= 0x40b) AND ((((2000-9)%0402h)/4+1)<=256)
  89  0002              ;# 89 "C:\Users\EDY\Desktop\工作文档\HT66F018\software_library_ADC_interrupt_example_V11\src\main.c" 1
  89  0002  0F01        	MOV A,(2000-9)/0402h
  89  0003              ;# 89 "C:\Users\EDY\Desktop\工作文档\HT66F018\software_library_ADC_interrupt_example_V11\src\main.c" 1
  89  0003  0080     E  	MOV _builtin_holtek_delay_2,A
  89  0004              ;# 89 "C:\Users\EDY\Desktop\工作文档\HT66F018\software_library_ADC_interrupt_example_V11\src\main.c" 1
  89  0004  0FF2        	MOV A,((2000-9)%0402h)/4+1
  89  0005              ;# 89 "C:\Users\EDY\Desktop\工作文档\HT66F018\software_library_ADC_interrupt_example_V11\src\main.c" 1
  89  0005  2000     E  	CALL __DELAYY3 +3-(((2000-9)%0402h)%4)
  89  0006              	ENDIF
  90  0006              #line 90 "C:\Users\EDY\Desktop\工作文档\HT66F018\software_library_ADC_interrupt_example_V11\src\main.c"
  90  0006  0F01        	mov a,1
  90  0007  0080     R  	mov _ledisEnable[0],a
  91  0008              #line 91 "C:\Users\EDY\Desktop\工作文档\HT66F018\software_library_ADC_interrupt_example_V11\src\main.c"
  91  0008  0FF0        	mov a,240
  91  0009  2000     E  	call _UART_SoftWareSendByte
  91  000A              _L15:
  94  000A              #line 94 "C:\Users\EDY\Desktop\工作文档\HT66F018\software_library_ADC_interrupt_example_V11\src\main.c"
  94  000A  3B92        	snz [18].7
  94  000B  2800     R  	jmp _L14
  96  000C              #line 96 "C:\Users\EDY\Desktop\工作文档\HT66F018\software_library_ADC_interrupt_example_V11\src\main.c"
文件：main.c       编译器版本 HGASM 0202 页次8

  96  000C  3792        	clr [18].7
  97  000D              #line 97 "C:\Users\EDY\Desktop\工作文档\HT66F018\software_library_ADC_interrupt_example_V11\src\main.c"
  97  000D  0F01        	mov a,1
  97  000E  0300     R  	add a,_ctmCount[0]
  97  000F  0080     E  	mov rb,a
  97  0010  0F00        	mov a,0
  97  0011  1300     R  	adc a,_ctmCount[1]
  97  0012  0080     E  	mov rc,a
  97  0013  0700     E  	mov a,rb
  97  0014  0080     R  	mov _ctmCount[0],a
  97  0015  0700     E  	mov a,rc
  97  0016  0080     R  	mov _ctmCount[1],a
  98  0017              #line 98 "C:\Users\EDY\Desktop\工作文档\HT66F018\software_library_ADC_interrupt_example_V11\src\main.c"
  98  0017  0700     E  	mov a,rb
  98  0018  0CDC        	xor a,220
  98  0019  0700     E  	mov a,rc
  98  001A  3D0A        	sz z
  98  001B  0C05        	xor a,5
  98  001C  390A        	snz z
  98  001D  2800     R  	jmp _L14
 100  001E              #line 100 "C:\Users\EDY\Desktop\工作文档\HT66F018\software_library_ADC_interrupt_example_V11\src\main.c"
 100  001E  1F00     R  	clr _ctmCount[0]
 100  001F  1F00     R  	clr _ctmCount[1]
 101  0020              #line 101 "C:\Users\EDY\Desktop\工作文档\HT66F018\software_library_ADC_interrupt_example_V11\src\main.c"
 101  0020  1F00     E  	clr ra
 101  0021  39A5        	snz [37].3
 101  0022  3000     E  	set ra.3
 101  0023  35A5        	clr [37].3
 101  0024  0700     E  	mov a,ra
 101  0025  05A5        	orm a,[37]
 101  0026              _L14:
 101  0026  0003        	ret
 101  0027              _openLED endp
 101  0027              #line 101 "C:\Users\EDY\Desktop\工作文档\HT66F018\software_library_ADC_interrupt_example_V11\src\main.c"
 101  0027              #pragma debug scope 1 1
 101  0027              public _closeLED
 101  0027              #pragma debug scope 6 1
 107  0027              #line 107 "C:\Users\EDY\Desktop\工作文档\HT66F018\software_library_ADC_interrupt_example_V11\src\main.c"
 107  0000              _closeLED .section 'code'
 107  0000              _closeLED proc
 108  0000              #line 108 "C:\Users\EDY\Desktop\工作文档\HT66F018\software_library_ADC_interrupt_example_V11\src\main.c"
 108  0000  1080     R  	sz _ledisEnable[0]
 108  0001  2800     R  	jmp _LI1
 108  0002  2800     R  	jmp _L19
 108  0003              _LI1:
 108  0003              #pragma debug scope 7 6
 108  0003              ;begin block, line: 108.-1
 108  0003              #pragma debug scope 8 7
 108  0003              ;begin block, line: 108.-1
 110  0003              #line 110 "C:\Users\EDY\Desktop\工作文档\HT66F018\software_library_ADC_interrupt_example_V11\src\main.c"
 110  0003  31A5        	set [37].3
 111  0004              #line 111 "C:\Users\EDY\Desktop\工作文档\HT66F018\software_library_ADC_interrupt_example_V11\src\main.c"
 111  0004              ;# 111 "C:\Users\EDY\Desktop\工作文档\HT66F018\software_library_ADC_interrupt_example_V11\src\main.c" 1
 111  0004              	IF 2000>263690
 111  0004              ;# 111 "C:\Users\EDY\Desktop\工作文档\HT66F018\software_library_ADC_interrupt_example_V11\src\main.c" 1
 111  0004              	ERRMESSAGE 'the value 2000of the argument exceeds the maxinum 263690'
 111  0004              	ENDIF
 111  0004              ;# 111 "C:\Users\EDY\Desktop\工作文档\HT66F018\software_library_ADC_interrupt_example_V11\src\main.c" 1
 111  0004              	IF 2000<0
 111  0004              ;# 111 "C:\Users\EDY\Desktop\工作文档\HT66F018\software_library_ADC_interrupt_example_V11\src\main.c" 1
文件：main.c       编译器版本 HGASM 0202 页次9

 111  0004              	ERRMESSAGE 'the value 2000 of the argument exceeds the mininum 0'
 111  0004              	ENDIF
 111  0004              ;# 111 "C:\Users\EDY\Desktop\工作文档\HT66F018\software_library_ADC_interrupt_example_V11\src\main.c" 1
 111  0004              	IF 2000==0
 111  0004              ;# 111 "C:\Users\EDY\Desktop\工作文档\HT66F018\software_library_ADC_interrupt_example_V11\src\main.c" 1
 111  0004              	JMP $
 111  0004              	ENDIF
 111  0004              ;# 111 "C:\Users\EDY\Desktop\工作文档\HT66F018\software_library_ADC_interrupt_example_V11\src\main.c" 1
 111  0004              	IF 2000==1
 111  0004              ;# 111 "C:\Users\EDY\Desktop\工作文档\HT66F018\software_library_ADC_interrupt_example_V11\src\main.c" 1
 111  0004              	NOP
 111  0004              	ENDIF
 111  0004              ;# 111 "C:\Users\EDY\Desktop\工作文档\HT66F018\software_library_ADC_interrupt_example_V11\src\main.c" 1
 111  0004              	IF 2000==2
 111  0004              ;# 111 "C:\Users\EDY\Desktop\工作文档\HT66F018\software_library_ADC_interrupt_example_V11\src\main.c" 1
 111  0004              	NOP
 111  0004              ;# 111 "C:\Users\EDY\Desktop\工作文档\HT66F018\software_library_ADC_interrupt_example_V11\src\main.c" 1
 111  0004              	NOP
 111  0004              	ENDIF
 111  0004              ;# 111 "C:\Users\EDY\Desktop\工作文档\HT66F018\software_library_ADC_interrupt_example_V11\src\main.c" 1
 111  0004              	IF 2000==3
 111  0004              ;# 111 "C:\Users\EDY\Desktop\工作文档\HT66F018\software_library_ADC_interrupt_example_V11\src\main.c" 1
 111  0004              	NOP
 111  0004              ;# 111 "C:\Users\EDY\Desktop\工作文档\HT66F018\software_library_ADC_interrupt_example_V11\src\main.c" 1
 111  0004              	NOP
 111  0004              ;# 111 "C:\Users\EDY\Desktop\工作文档\HT66F018\software_library_ADC_interrupt_example_V11\src\main.c" 1
 111  0004              	NOP
 111  0004              	ENDIF
 111  0004              ;# 111 "C:\Users\EDY\Desktop\工作文档\HT66F018\software_library_ADC_interrupt_example_V11\src\main.c" 1
 111  0004              	IF (2000<8) AND (2000>3)
 111  0004              ;# 111 "C:\Users\EDY\Desktop\工作文档\HT66F018\software_library_ADC_interrupt_example_V11\src\main.c" 1
 111  0004              	CALL __DELAY3 + 7 -2000
 111  0004              	ENDIF
 111  0004              ;# 111 "C:\Users\EDY\Desktop\工作文档\HT66F018\software_library_ADC_interrupt_example_V11\src\main.c" 1
 111  0004              	IF (2000< 0404h) AND (2000>7)
 111  0004              ;# 111 "C:\Users\EDY\Desktop\工作文档\HT66F018\software_library_ADC_interrupt_example_V11\src\main.c" 1
 111  0004              	MOV A,2000/4-1
 111  0004              ;# 111 "C:\Users\EDY\Desktop\工作文档\HT66F018\software_library_ADC_interrupt_example_V11\src\main.c" 1
 111  0004              	CALL __DELAYX3 + 3 -(2000 MOD 4)
 111  0004              	ENDIF
 111  0004              ;# 111 "C:\Users\EDY\Desktop\工作文档\HT66F018\software_library_ADC_interrupt_example_V11\src\main.c" 1
 111  0004              	IF (2000< 0x40B) AND (2000> 0403h)
 111  0004              ;# 111 "C:\Users\EDY\Desktop\工作文档\HT66F018\software_library_ADC_interrupt_example_V11\src\main.c" 1
 111  0004              	MOV A,0 
 111  0004              ;# 111 "C:\Users\EDY\Desktop\工作文档\HT66F018\software_library_ADC_interrupt_example_V11\src\main.c" 1
 111  0004              	CALL __DELAYX6 + 0x40a -2000
 111  0004              	ENDIF
 111  0004              ;# 111 "C:\Users\EDY\Desktop\工作文档\HT66F018\software_library_ADC_interrupt_example_V11\src\main.c" 1
 111  0004              	IF (2000 >= 0x40b) AND ((((2000-9)%0402h)/4+1)>256)
 111  0004              ;# 111 "C:\Users\EDY\Desktop\工作文档\HT66F018\software_library_ADC_interrupt_example_V11\src\main.c" 1
 111  0004              	MOV A,(2000-9)/0402h
 111  0004              ;# 111 "C:\Users\EDY\Desktop\工作文档\HT66F018\software_library_ADC_interrupt_example_V11\src\main.c" 1
 111  0004              	MOV _builtin_holtek_delay_2,A
 111  0004              ;# 111 "C:\Users\EDY\Desktop\工作文档\HT66F018\software_library_ADC_interrupt_example_V11\src\main.c" 1
 111  0004              	MOV A,0
 111  0004              ;# 111 "C:\Users\EDY\Desktop\工作文档\HT66F018\software_library_ADC_interrupt_example_V11\src\main.c" 1
 111  0004              	CALL __DELAYY5 +5- (((2000-9)%0402h)%6)
 111  0004              	ENDIF
 111  0004              ;# 111 "C:\Users\EDY\Desktop\工作文档\HT66F018\software_library_ADC_interrupt_example_V11\src\main.c" 1
 111  0004              	IF (2000 >= 0x40b) AND ((((2000-9)%0402h)/4+1)<=256)
文件：main.c       编译器版本 HGASM 0202 页次10

 111  0004              ;# 111 "C:\Users\EDY\Desktop\工作文档\HT66F018\software_library_ADC_interrupt_example_V11\src\main.c" 1
 111  0004  0F01        	MOV A,(2000-9)/0402h
 111  0005              ;# 111 "C:\Users\EDY\Desktop\工作文档\HT66F018\software_library_ADC_interrupt_example_V11\src\main.c" 1
 111  0005  0080     E  	MOV _builtin_holtek_delay_2,A
 111  0006              ;# 111 "C:\Users\EDY\Desktop\工作文档\HT66F018\software_library_ADC_interrupt_example_V11\src\main.c" 1
 111  0006  0FF2        	MOV A,((2000-9)%0402h)/4+1
 111  0007              ;# 111 "C:\Users\EDY\Desktop\工作文档\HT66F018\software_library_ADC_interrupt_example_V11\src\main.c" 1
 111  0007  2000     E  	CALL __DELAYY3 +3-(((2000-9)%0402h)%4)
 111  0008              	ENDIF
 112  0008              #line 112 "C:\Users\EDY\Desktop\工作文档\HT66F018\software_library_ADC_interrupt_example_V11\src\main.c"
 112  0008  1F00     R  	clr _ledisEnable[0]
 113  0009              #line 113 "C:\Users\EDY\Desktop\工作文档\HT66F018\software_library_ADC_interrupt_example_V11\src\main.c"
 113  0009  0FF1        	mov a,241
 113  000A  2000     E  	call _UART_SoftWareSendByte
 114  000B              #line 114 "C:\Users\EDY\Desktop\工作文档\HT66F018\software_library_ADC_interrupt_example_V11\src\main.c"
 114  000B  1F00     R  	clr _ctmCount[0]
 114  000C  1F00     R  	clr _ctmCount[1]
 114  000D              _L19:
 114  000D              #pragma debug scope 7 6
 114  000D              #pragma debug scope 6 1
 114  000D  0003        	ret
 114  000E              _closeLED endp
 114  000E              #line 114 "C:\Users\EDY\Desktop\工作文档\HT66F018\software_library_ADC_interrupt_example_V11\src\main.c"
 114  000E              #pragma debug scope 1 1
 114  000E              public _msDelay
 114  000E              #pragma debug scope 9 1
 119  000E              #line 119 "C:\Users\EDY\Desktop\工作文档\HT66F018\software_library_ADC_interrupt_example_V11\src\main.c"
 119  0000              _msDelay .section 'code'
 119  0000              _msDelay proc
 119  0000              public _msDelay_2
 119  0000  0002[           local _msDelay_2 db 2 dup(?)	; 2,0
            00
            ]
 119  0002              #pragma debug variable 10 9 _msDelay_2+0 "ms"
 121  0002              #line 121 "C:\Users\EDY\Desktop\工作文档\HT66F018\software_library_ADC_interrupt_example_V11\src\main.c"
 121  0000  1F00     E  	clr rb
 121  0001  1F00     E  	clr rc
 121  0002  2800     R  	jmp _L22
 121  0003              _L23:
 123  0003              #line 123 "C:\Users\EDY\Desktop\工作文档\HT66F018\software_library_ADC_interrupt_example_V11\src\main.c"
 123  0003              ;# 123 "C:\Users\EDY\Desktop\工作文档\HT66F018\software_library_ADC_interrupt_example_V11\src\main.c" 1
 123  0003              	IF 2000>263690
 123  0003              ;# 123 "C:\Users\EDY\Desktop\工作文档\HT66F018\software_library_ADC_interrupt_example_V11\src\main.c" 1
 123  0003              	ERRMESSAGE 'the value 2000of the argument exceeds the maxinum 263690'
 123  0003              	ENDIF
 123  0003              ;# 123 "C:\Users\EDY\Desktop\工作文档\HT66F018\software_library_ADC_interrupt_example_V11\src\main.c" 1
 123  0003              	IF 2000<0
 123  0003              ;# 123 "C:\Users\EDY\Desktop\工作文档\HT66F018\software_library_ADC_interrupt_example_V11\src\main.c" 1
 123  0003              	ERRMESSAGE 'the value 2000 of the argument exceeds the mininum 0'
 123  0003              	ENDIF
 123  0003              ;# 123 "C:\Users\EDY\Desktop\工作文档\HT66F018\software_library_ADC_interrupt_example_V11\src\main.c" 1
 123  0003              	IF 2000==0
 123  0003              ;# 123 "C:\Users\EDY\Desktop\工作文档\HT66F018\software_library_ADC_interrupt_example_V11\src\main.c" 1
 123  0003              	JMP $
 123  0003              	ENDIF
 123  0003              ;# 123 "C:\Users\EDY\Desktop\工作文档\HT66F018\software_library_ADC_interrupt_example_V11\src\main.c" 1
 123  0003              	IF 2000==1
 123  0003              ;# 123 "C:\Users\EDY\Desktop\工作文档\HT66F018\software_library_ADC_interrupt_example_V11\src\main.c" 1
 123  0003              	NOP
 123  0003              	ENDIF
文件：main.c       编译器版本 HGASM 0202 页次11

 123  0003              ;# 123 "C:\Users\EDY\Desktop\工作文档\HT66F018\software_library_ADC_interrupt_example_V11\src\main.c" 1
 123  0003              	IF 2000==2
 123  0003              ;# 123 "C:\Users\EDY\Desktop\工作文档\HT66F018\software_library_ADC_interrupt_example_V11\src\main.c" 1
 123  0003              	NOP
 123  0003              ;# 123 "C:\Users\EDY\Desktop\工作文档\HT66F018\software_library_ADC_interrupt_example_V11\src\main.c" 1
 123  0003              	NOP
 123  0003              	ENDIF
 123  0003              ;# 123 "C:\Users\EDY\Desktop\工作文档\HT66F018\software_library_ADC_interrupt_example_V11\src\main.c" 1
 123  0003              	IF 2000==3
 123  0003              ;# 123 "C:\Users\EDY\Desktop\工作文档\HT66F018\software_library_ADC_interrupt_example_V11\src\main.c" 1
 123  0003              	NOP
 123  0003              ;# 123 "C:\Users\EDY\Desktop\工作文档\HT66F018\software_library_ADC_interrupt_example_V11\src\main.c" 1
 123  0003              	NOP
 123  0003              ;# 123 "C:\Users\EDY\Desktop\工作文档\HT66F018\software_library_ADC_interrupt_example_V11\src\main.c" 1
 123  0003              	NOP
 123  0003              	ENDIF
 123  0003              ;# 123 "C:\Users\EDY\Desktop\工作文档\HT66F018\software_library_ADC_interrupt_example_V11\src\main.c" 1
 123  0003              	IF (2000<8) AND (2000>3)
 123  0003              ;# 123 "C:\Users\EDY\Desktop\工作文档\HT66F018\software_library_ADC_interrupt_example_V11\src\main.c" 1
 123  0003              	CALL __DELAY3 + 7 -2000
 123  0003              	ENDIF
 123  0003              ;# 123 "C:\Users\EDY\Desktop\工作文档\HT66F018\software_library_ADC_interrupt_example_V11\src\main.c" 1
 123  0003              	IF (2000< 0404h) AND (2000>7)
 123  0003              ;# 123 "C:\Users\EDY\Desktop\工作文档\HT66F018\software_library_ADC_interrupt_example_V11\src\main.c" 1
 123  0003              	MOV A,2000/4-1
 123  0003              ;# 123 "C:\Users\EDY\Desktop\工作文档\HT66F018\software_library_ADC_interrupt_example_V11\src\main.c" 1
 123  0003              	CALL __DELAYX3 + 3 -(2000 MOD 4)
 123  0003              	ENDIF
 123  0003              ;# 123 "C:\Users\EDY\Desktop\工作文档\HT66F018\software_library_ADC_interrupt_example_V11\src\main.c" 1
 123  0003              	IF (2000< 0x40B) AND (2000> 0403h)
 123  0003              ;# 123 "C:\Users\EDY\Desktop\工作文档\HT66F018\software_library_ADC_interrupt_example_V11\src\main.c" 1
 123  0003              	MOV A,0 
 123  0003              ;# 123 "C:\Users\EDY\Desktop\工作文档\HT66F018\software_library_ADC_interrupt_example_V11\src\main.c" 1
 123  0003              	CALL __DELAYX6 + 0x40a -2000
 123  0003              	ENDIF
 123  0003              ;# 123 "C:\Users\EDY\Desktop\工作文档\HT66F018\software_library_ADC_interrupt_example_V11\src\main.c" 1
 123  0003              	IF (2000 >= 0x40b) AND ((((2000-9)%0402h)/4+1)>256)
 123  0003              ;# 123 "C:\Users\EDY\Desktop\工作文档\HT66F018\software_library_ADC_interrupt_example_V11\src\main.c" 1
 123  0003              	MOV A,(2000-9)/0402h
 123  0003              ;# 123 "C:\Users\EDY\Desktop\工作文档\HT66F018\software_library_ADC_interrupt_example_V11\src\main.c" 1
 123  0003              	MOV _builtin_holtek_delay_2,A
 123  0003              ;# 123 "C:\Users\EDY\Desktop\工作文档\HT66F018\software_library_ADC_interrupt_example_V11\src\main.c" 1
 123  0003              	MOV A,0
 123  0003              ;# 123 "C:\Users\EDY\Desktop\工作文档\HT66F018\software_library_ADC_interrupt_example_V11\src\main.c" 1
 123  0003              	CALL __DELAYY5 +5- (((2000-9)%0402h)%6)
 123  0003              	ENDIF
 123  0003              ;# 123 "C:\Users\EDY\Desktop\工作文档\HT66F018\software_library_ADC_interrupt_example_V11\src\main.c" 1
 123  0003              	IF (2000 >= 0x40b) AND ((((2000-9)%0402h)/4+1)<=256)
 123  0003              ;# 123 "C:\Users\EDY\Desktop\工作文档\HT66F018\software_library_ADC_interrupt_example_V11\src\main.c" 1
 123  0003  0F01        	MOV A,(2000-9)/0402h
 123  0004              ;# 123 "C:\Users\EDY\Desktop\工作文档\HT66F018\software_library_ADC_interrupt_example_V11\src\main.c" 1
 123  0004  0080     E  	MOV _builtin_holtek_delay_2,A
 123  0005              ;# 123 "C:\Users\EDY\Desktop\工作文档\HT66F018\software_library_ADC_interrupt_example_V11\src\main.c" 1
 123  0005  0FF2        	MOV A,((2000-9)%0402h)/4+1
 123  0006              ;# 123 "C:\Users\EDY\Desktop\工作文档\HT66F018\software_library_ADC_interrupt_example_V11\src\main.c" 1
 123  0006  2000     E  	CALL __DELAYY3 +3-(((2000-9)%0402h)%4)
 123  0007              	ENDIF
 124  0007              #line 124 "C:\Users\EDY\Desktop\工作文档\HT66F018\software_library_ADC_interrupt_example_V11\src\main.c"
 124  0007              ;# 124 "C:\Users\EDY\Desktop\工作文档\HT66F018\software_library_ADC_interrupt_example_V11\src\main.c" 1
 124  0007  0001        	clr wdt
文件：main.c       编译器版本 HGASM 0202 页次12

 121  0008              #line 121 "C:\Users\EDY\Desktop\工作文档\HT66F018\software_library_ADC_interrupt_example_V11\src\main.c"
 121  0008  1480     E  	inc rb
 121  0009  3D0A        	sz z
 121  000A  1480     E  	inc rc
 121  000B              _L22:
 121  000B  0700     E  	mov a,rb
 121  000C  0400     R  	xor a,_msDelay_2[0]
 121  000D  0700     E  	mov a,rc
 121  000E  3D0A        	sz z
 121  000F  0400     R  	xor a,_msDelay_2[1]
 121  0010  390A        	snz z
 121  0011  2800     R  	jmp _L23
 121  0012  0003        	ret
 121  0013              _msDelay endp
 121  0013              #line 121 "C:\Users\EDY\Desktop\工作文档\HT66F018\software_library_ADC_interrupt_example_V11\src\main.c"
 121  0013              #pragma debug scope 1 1
 121  0013              ___tm2c0 equ [40]
 121  0013              public _mCTMInit
 121  0013              #pragma debug scope 10 1
 129  0013              #line 129 "C:\Users\EDY\Desktop\工作文档\HT66F018\software_library_ADC_interrupt_example_V11\src\main.c"
 129  0000              _mCTMInit .section 'code'
 129  0000              _mCTMInit proc
 130  0000              #line 130 "C:\Users\EDY\Desktop\工作文档\HT66F018\software_library_ADC_interrupt_example_V11\src\main.c"
 130  0000  2000     E  	call _CTM_Init
 131  0001              #line 131 "C:\Users\EDY\Desktop\工作文档\HT66F018\software_library_ADC_interrupt_example_V11\src\main.c"
 131  0001  1F00     E  	clr _CTM_CounterModeConfig_2[0]
 131  0002  0F02        	mov a,2
 131  0003  0080     E  	mov _CTM_CounterModeConfig_2[1],a
 131  0004  2000     E  	call _CTM_CounterModeConfig
 132  0005              #line 132 "C:\Users\EDY\Desktop\工作文档\HT66F018\software_library_ADC_interrupt_example_V11\src\main.c"
 132  0005  31A8        	set [40].3
 133  0006              #line 133 "C:\Users\EDY\Desktop\工作文档\HT66F018\software_library_ADC_interrupt_example_V11\src\main.c"
 133  0006              ;# 133 "C:\Users\EDY\Desktop\工作文档\HT66F018\software_library_ADC_interrupt_example_V11\src\main.c" 1
 133  0006              	IF 2000>263690
 133  0006              ;# 133 "C:\Users\EDY\Desktop\工作文档\HT66F018\software_library_ADC_interrupt_example_V11\src\main.c" 1
 133  0006              	ERRMESSAGE 'the value 2000of the argument exceeds the maxinum 263690'
 133  0006              	ENDIF
 133  0006              ;# 133 "C:\Users\EDY\Desktop\工作文档\HT66F018\software_library_ADC_interrupt_example_V11\src\main.c" 1
 133  0006              	IF 2000<0
 133  0006              ;# 133 "C:\Users\EDY\Desktop\工作文档\HT66F018\software_library_ADC_interrupt_example_V11\src\main.c" 1
 133  0006              	ERRMESSAGE 'the value 2000 of the argument exceeds the mininum 0'
 133  0006              	ENDIF
 133  0006              ;# 133 "C:\Users\EDY\Desktop\工作文档\HT66F018\software_library_ADC_interrupt_example_V11\src\main.c" 1
 133  0006              	IF 2000==0
 133  0006              ;# 133 "C:\Users\EDY\Desktop\工作文档\HT66F018\software_library_ADC_interrupt_example_V11\src\main.c" 1
 133  0006              	JMP $
 133  0006              	ENDIF
 133  0006              ;# 133 "C:\Users\EDY\Desktop\工作文档\HT66F018\software_library_ADC_interrupt_example_V11\src\main.c" 1
 133  0006              	IF 2000==1
 133  0006              ;# 133 "C:\Users\EDY\Desktop\工作文档\HT66F018\software_library_ADC_interrupt_example_V11\src\main.c" 1
 133  0006              	NOP
 133  0006              	ENDIF
 133  0006              ;# 133 "C:\Users\EDY\Desktop\工作文档\HT66F018\software_library_ADC_interrupt_example_V11\src\main.c" 1
 133  0006              	IF 2000==2
 133  0006              ;# 133 "C:\Users\EDY\Desktop\工作文档\HT66F018\software_library_ADC_interrupt_example_V11\src\main.c" 1
 133  0006              	NOP
 133  0006              ;# 133 "C:\Users\EDY\Desktop\工作文档\HT66F018\software_library_ADC_interrupt_example_V11\src\main.c" 1
 133  0006              	NOP
 133  0006              	ENDIF
 133  0006              ;# 133 "C:\Users\EDY\Desktop\工作文档\HT66F018\software_library_ADC_interrupt_example_V11\src\main.c" 1
文件：main.c       编译器版本 HGASM 0202 页次13

 133  0006              	IF 2000==3
 133  0006              ;# 133 "C:\Users\EDY\Desktop\工作文档\HT66F018\software_library_ADC_interrupt_example_V11\src\main.c" 1
 133  0006              	NOP
 133  0006              ;# 133 "C:\Users\EDY\Desktop\工作文档\HT66F018\software_library_ADC_interrupt_example_V11\src\main.c" 1
 133  0006              	NOP
 133  0006              ;# 133 "C:\Users\EDY\Desktop\工作文档\HT66F018\software_library_ADC_interrupt_example_V11\src\main.c" 1
 133  0006              	NOP
 133  0006              	ENDIF
 133  0006              ;# 133 "C:\Users\EDY\Desktop\工作文档\HT66F018\software_library_ADC_interrupt_example_V11\src\main.c" 1
 133  0006              	IF (2000<8) AND (2000>3)
 133  0006              ;# 133 "C:\Users\EDY\Desktop\工作文档\HT66F018\software_library_ADC_interrupt_example_V11\src\main.c" 1
 133  0006              	CALL __DELAY3 + 7 -2000
 133  0006              	ENDIF
 133  0006              ;# 133 "C:\Users\EDY\Desktop\工作文档\HT66F018\software_library_ADC_interrupt_example_V11\src\main.c" 1
 133  0006              	IF (2000< 0404h) AND (2000>7)
 133  0006              ;# 133 "C:\Users\EDY\Desktop\工作文档\HT66F018\software_library_ADC_interrupt_example_V11\src\main.c" 1
 133  0006              	MOV A,2000/4-1
 133  0006              ;# 133 "C:\Users\EDY\Desktop\工作文档\HT66F018\software_library_ADC_interrupt_example_V11\src\main.c" 1
 133  0006              	CALL __DELAYX3 + 3 -(2000 MOD 4)
 133  0006              	ENDIF
 133  0006              ;# 133 "C:\Users\EDY\Desktop\工作文档\HT66F018\software_library_ADC_interrupt_example_V11\src\main.c" 1
 133  0006              	IF (2000< 0x40B) AND (2000> 0403h)
 133  0006              ;# 133 "C:\Users\EDY\Desktop\工作文档\HT66F018\software_library_ADC_interrupt_example_V11\src\main.c" 1
 133  0006              	MOV A,0 
 133  0006              ;# 133 "C:\Users\EDY\Desktop\工作文档\HT66F018\software_library_ADC_interrupt_example_V11\src\main.c" 1
 133  0006              	CALL __DELAYX6 + 0x40a -2000
 133  0006              	ENDIF
 133  0006              ;# 133 "C:\Users\EDY\Desktop\工作文档\HT66F018\software_library_ADC_interrupt_example_V11\src\main.c" 1
 133  0006              	IF (2000 >= 0x40b) AND ((((2000-9)%0402h)/4+1)>256)
 133  0006              ;# 133 "C:\Users\EDY\Desktop\工作文档\HT66F018\software_library_ADC_interrupt_example_V11\src\main.c" 1
 133  0006              	MOV A,(2000-9)/0402h
 133  0006              ;# 133 "C:\Users\EDY\Desktop\工作文档\HT66F018\software_library_ADC_interrupt_example_V11\src\main.c" 1
 133  0006              	MOV _builtin_holtek_delay_2,A
 133  0006              ;# 133 "C:\Users\EDY\Desktop\工作文档\HT66F018\software_library_ADC_interrupt_example_V11\src\main.c" 1
 133  0006              	MOV A,0
 133  0006              ;# 133 "C:\Users\EDY\Desktop\工作文档\HT66F018\software_library_ADC_interrupt_example_V11\src\main.c" 1
 133  0006              	CALL __DELAYY5 +5- (((2000-9)%0402h)%6)
 133  0006              	ENDIF
 133  0006              ;# 133 "C:\Users\EDY\Desktop\工作文档\HT66F018\software_library_ADC_interrupt_example_V11\src\main.c" 1
 133  0006              	IF (2000 >= 0x40b) AND ((((2000-9)%0402h)/4+1)<=256)
 133  0006              ;# 133 "C:\Users\EDY\Desktop\工作文档\HT66F018\software_library_ADC_interrupt_example_V11\src\main.c" 1
 133  0006  0F01        	MOV A,(2000-9)/0402h
 133  0007              ;# 133 "C:\Users\EDY\Desktop\工作文档\HT66F018\software_library_ADC_interrupt_example_V11\src\main.c" 1
 133  0007  0080     E  	MOV _builtin_holtek_delay_2,A
 133  0008              ;# 133 "C:\Users\EDY\Desktop\工作文档\HT66F018\software_library_ADC_interrupt_example_V11\src\main.c" 1
 133  0008  0FF2        	MOV A,((2000-9)%0402h)/4+1
 133  0009              ;# 133 "C:\Users\EDY\Desktop\工作文档\HT66F018\software_library_ADC_interrupt_example_V11\src\main.c" 1
 133  0009  2000     E  	CALL __DELAYY3 +3-(((2000-9)%0402h)%4)
 133  000A              	ENDIF
 133  000A  0003        	ret
 133  000B              _mCTMInit endp
 133  000B              #line 133 "C:\Users\EDY\Desktop\工作文档\HT66F018\software_library_ADC_interrupt_example_V11\src\main.c"
 133  000B              #pragma debug scope 1 1
 133  000B              ___adcr0 equ [34]
 133  000B              public _mAdcInit
 133  000B              #pragma debug scope 11 1
 137  000B              #line 137 "C:\Users\EDY\Desktop\工作文档\HT66F018\software_library_ADC_interrupt_example_V11\src\main.c"
 137  0000              _mAdcInit .section 'code'
 137  0000              _mAdcInit proc
 138  0000              #line 138 "C:\Users\EDY\Desktop\工作文档\HT66F018\software_library_ADC_interrupt_example_V11\src\main.c"
文件：main.c       编译器版本 HGASM 0202 页次14

 138  0000  2000     E  	call _ADC_Init
 139  0001              #line 139 "C:\Users\EDY\Desktop\工作文档\HT66F018\software_library_ADC_interrupt_example_V11\src\main.c"
 139  0001  36A2        	clr [34].5
 140  0002              #line 140 "C:\Users\EDY\Desktop\工作文档\HT66F018\software_library_ADC_interrupt_example_V11\src\main.c"
 140  0002              ;# 140 "C:\Users\EDY\Desktop\工作文档\HT66F018\software_library_ADC_interrupt_example_V11\src\main.c" 1
 140  0002              	IF 2000>263690
 140  0002              ;# 140 "C:\Users\EDY\Desktop\工作文档\HT66F018\software_library_ADC_interrupt_example_V11\src\main.c" 1
 140  0002              	ERRMESSAGE 'the value 2000of the argument exceeds the maxinum 263690'
 140  0002              	ENDIF
 140  0002              ;# 140 "C:\Users\EDY\Desktop\工作文档\HT66F018\software_library_ADC_interrupt_example_V11\src\main.c" 1
 140  0002              	IF 2000<0
 140  0002              ;# 140 "C:\Users\EDY\Desktop\工作文档\HT66F018\software_library_ADC_interrupt_example_V11\src\main.c" 1
 140  0002              	ERRMESSAGE 'the value 2000 of the argument exceeds the mininum 0'
 140  0002              	ENDIF
 140  0002              ;# 140 "C:\Users\EDY\Desktop\工作文档\HT66F018\software_library_ADC_interrupt_example_V11\src\main.c" 1
 140  0002              	IF 2000==0
 140  0002              ;# 140 "C:\Users\EDY\Desktop\工作文档\HT66F018\software_library_ADC_interrupt_example_V11\src\main.c" 1
 140  0002              	JMP $
 140  0002              	ENDIF
 140  0002              ;# 140 "C:\Users\EDY\Desktop\工作文档\HT66F018\software_library_ADC_interrupt_example_V11\src\main.c" 1
 140  0002              	IF 2000==1
 140  0002              ;# 140 "C:\Users\EDY\Desktop\工作文档\HT66F018\software_library_ADC_interrupt_example_V11\src\main.c" 1
 140  0002              	NOP
 140  0002              	ENDIF
 140  0002              ;# 140 "C:\Users\EDY\Desktop\工作文档\HT66F018\software_library_ADC_interrupt_example_V11\src\main.c" 1
 140  0002              	IF 2000==2
 140  0002              ;# 140 "C:\Users\EDY\Desktop\工作文档\HT66F018\software_library_ADC_interrupt_example_V11\src\main.c" 1
 140  0002              	NOP
 140  0002              ;# 140 "C:\Users\EDY\Desktop\工作文档\HT66F018\software_library_ADC_interrupt_example_V11\src\main.c" 1
 140  0002              	NOP
 140  0002              	ENDIF
 140  0002              ;# 140 "C:\Users\EDY\Desktop\工作文档\HT66F018\software_library_ADC_interrupt_example_V11\src\main.c" 1
 140  0002              	IF 2000==3
 140  0002              ;# 140 "C:\Users\EDY\Desktop\工作文档\HT66F018\software_library_ADC_interrupt_example_V11\src\main.c" 1
 140  0002              	NOP
 140  0002              ;# 140 "C:\Users\EDY\Desktop\工作文档\HT66F018\software_library_ADC_interrupt_example_V11\src\main.c" 1
 140  0002              	NOP
 140  0002              ;# 140 "C:\Users\EDY\Desktop\工作文档\HT66F018\software_library_ADC_interrupt_example_V11\src\main.c" 1
 140  0002              	NOP
 140  0002              	ENDIF
 140  0002              ;# 140 "C:\Users\EDY\Desktop\工作文档\HT66F018\software_library_ADC_interrupt_example_V11\src\main.c" 1
 140  0002              	IF (2000<8) AND (2000>3)
 140  0002              ;# 140 "C:\Users\EDY\Desktop\工作文档\HT66F018\software_library_ADC_interrupt_example_V11\src\main.c" 1
 140  0002              	CALL __DELAY3 + 7 -2000
 140  0002              	ENDIF
 140  0002              ;# 140 "C:\Users\EDY\Desktop\工作文档\HT66F018\software_library_ADC_interrupt_example_V11\src\main.c" 1
 140  0002              	IF (2000< 0404h) AND (2000>7)
 140  0002              ;# 140 "C:\Users\EDY\Desktop\工作文档\HT66F018\software_library_ADC_interrupt_example_V11\src\main.c" 1
 140  0002              	MOV A,2000/4-1
 140  0002              ;# 140 "C:\Users\EDY\Desktop\工作文档\HT66F018\software_library_ADC_interrupt_example_V11\src\main.c" 1
 140  0002              	CALL __DELAYX3 + 3 -(2000 MOD 4)
 140  0002              	ENDIF
 140  0002              ;# 140 "C:\Users\EDY\Desktop\工作文档\HT66F018\software_library_ADC_interrupt_example_V11\src\main.c" 1
 140  0002              	IF (2000< 0x40B) AND (2000> 0403h)
 140  0002              ;# 140 "C:\Users\EDY\Desktop\工作文档\HT66F018\software_library_ADC_interrupt_example_V11\src\main.c" 1
 140  0002              	MOV A,0 
 140  0002              ;# 140 "C:\Users\EDY\Desktop\工作文档\HT66F018\software_library_ADC_interrupt_example_V11\src\main.c" 1
 140  0002              	CALL __DELAYX6 + 0x40a -2000
 140  0002              	ENDIF
 140  0002              ;# 140 "C:\Users\EDY\Desktop\工作文档\HT66F018\software_library_ADC_interrupt_example_V11\src\main.c" 1
文件：main.c       编译器版本 HGASM 0202 页次15

 140  0002              	IF (2000 >= 0x40b) AND ((((2000-9)%0402h)/4+1)>256)
 140  0002              ;# 140 "C:\Users\EDY\Desktop\工作文档\HT66F018\software_library_ADC_interrupt_example_V11\src\main.c" 1
 140  0002              	MOV A,(2000-9)/0402h
 140  0002              ;# 140 "C:\Users\EDY\Desktop\工作文档\HT66F018\software_library_ADC_interrupt_example_V11\src\main.c" 1
 140  0002              	MOV _builtin_holtek_delay_2,A
 140  0002              ;# 140 "C:\Users\EDY\Desktop\工作文档\HT66F018\software_library_ADC_interrupt_example_V11\src\main.c" 1
 140  0002              	MOV A,0
 140  0002              ;# 140 "C:\Users\EDY\Desktop\工作文档\HT66F018\software_library_ADC_interrupt_example_V11\src\main.c" 1
 140  0002              	CALL __DELAYY5 +5- (((2000-9)%0402h)%6)
 140  0002              	ENDIF
 140  0002              ;# 140 "C:\Users\EDY\Desktop\工作文档\HT66F018\software_library_ADC_interrupt_example_V11\src\main.c" 1
 140  0002              	IF (2000 >= 0x40b) AND ((((2000-9)%0402h)/4+1)<=256)
 140  0002              ;# 140 "C:\Users\EDY\Desktop\工作文档\HT66F018\software_library_ADC_interrupt_example_V11\src\main.c" 1
 140  0002  0F01        	MOV A,(2000-9)/0402h
 140  0003              ;# 140 "C:\Users\EDY\Desktop\工作文档\HT66F018\software_library_ADC_interrupt_example_V11\src\main.c" 1
 140  0003  0080     E  	MOV _builtin_holtek_delay_2,A
 140  0004              ;# 140 "C:\Users\EDY\Desktop\工作文档\HT66F018\software_library_ADC_interrupt_example_V11\src\main.c" 1
 140  0004  0FF2        	MOV A,((2000-9)%0402h)/4+1
 140  0005              ;# 140 "C:\Users\EDY\Desktop\工作文档\HT66F018\software_library_ADC_interrupt_example_V11\src\main.c" 1
 140  0005  2000     E  	CALL __DELAYY3 +3-(((2000-9)%0402h)%4)
 140  0006              	ENDIF
 141  0006              #line 141 "C:\Users\EDY\Desktop\工作文档\HT66F018\software_library_ADC_interrupt_example_V11\src\main.c"
 141  0006  37A2        	clr [34].7
 141  0007  33A2        	set [34].7
 141  0008  37A2        	clr [34].7
 141  0009  0003        	ret
 141  000A              _mAdcInit endp
 141  000A              #line 141 "C:\Users\EDY\Desktop\工作文档\HT66F018\software_library_ADC_interrupt_example_V11\src\main.c"
 141  000A              #pragma debug scope 1 1
 141  000A              public _sampleAndProcessADC
 141  000A              #pragma debug scope 12 1
 145  000A              #line 145 "C:\Users\EDY\Desktop\工作文档\HT66F018\software_library_ADC_interrupt_example_V11\src\main.c"
 145  0000              _sampleAndProcessADC .section 'code'
 145  0000              _sampleAndProcessADC proc
 147  0000              #line 147 "C:\Users\EDY\Desktop\工作文档\HT66F018\software_library_ADC_interrupt_example_V11\src\main.c"
 147  0000  0F00        	mov a,0
 147  0001  2000     E  	call _ADC_SelectChannel
 148  0002              #line 148 "C:\Users\EDY\Desktop\工作文档\HT66F018\software_library_ADC_interrupt_example_V11\src\main.c"
 148  0002              ;# 148 "C:\Users\EDY\Desktop\工作文档\HT66F018\software_library_ADC_interrupt_example_V11\src\main.c" 1
 148  0002              	IF 200>263690
 148  0002              ;# 148 "C:\Users\EDY\Desktop\工作文档\HT66F018\software_library_ADC_interrupt_example_V11\src\main.c" 1
 148  0002              	ERRMESSAGE 'the value 200of the argument exceeds the maxinum 263690'
 148  0002              	ENDIF
 148  0002              ;# 148 "C:\Users\EDY\Desktop\工作文档\HT66F018\software_library_ADC_interrupt_example_V11\src\main.c" 1
 148  0002              	IF 200<0
 148  0002              ;# 148 "C:\Users\EDY\Desktop\工作文档\HT66F018\software_library_ADC_interrupt_example_V11\src\main.c" 1
 148  0002              	ERRMESSAGE 'the value 200 of the argument exceeds the mininum 0'
 148  0002              	ENDIF
 148  0002              ;# 148 "C:\Users\EDY\Desktop\工作文档\HT66F018\software_library_ADC_interrupt_example_V11\src\main.c" 1
 148  0002              	IF 200==0
 148  0002              ;# 148 "C:\Users\EDY\Desktop\工作文档\HT66F018\software_library_ADC_interrupt_example_V11\src\main.c" 1
 148  0002              	JMP $
 148  0002              	ENDIF
 148  0002              ;# 148 "C:\Users\EDY\Desktop\工作文档\HT66F018\software_library_ADC_interrupt_example_V11\src\main.c" 1
 148  0002              	IF 200==1
 148  0002              ;# 148 "C:\Users\EDY\Desktop\工作文档\HT66F018\software_library_ADC_interrupt_example_V11\src\main.c" 1
 148  0002              	NOP
 148  0002              	ENDIF
 148  0002              ;# 148 "C:\Users\EDY\Desktop\工作文档\HT66F018\software_library_ADC_interrupt_example_V11\src\main.c" 1
 148  0002              	IF 200==2
文件：main.c       编译器版本 HGASM 0202 页次16

 148  0002              ;# 148 "C:\Users\EDY\Desktop\工作文档\HT66F018\software_library_ADC_interrupt_example_V11\src\main.c" 1
 148  0002              	NOP
 148  0002              ;# 148 "C:\Users\EDY\Desktop\工作文档\HT66F018\software_library_ADC_interrupt_example_V11\src\main.c" 1
 148  0002              	NOP
 148  0002              	ENDIF
 148  0002              ;# 148 "C:\Users\EDY\Desktop\工作文档\HT66F018\software_library_ADC_interrupt_example_V11\src\main.c" 1
 148  0002              	IF 200==3
 148  0002              ;# 148 "C:\Users\EDY\Desktop\工作文档\HT66F018\software_library_ADC_interrupt_example_V11\src\main.c" 1
 148  0002              	NOP
 148  0002              ;# 148 "C:\Users\EDY\Desktop\工作文档\HT66F018\software_library_ADC_interrupt_example_V11\src\main.c" 1
 148  0002              	NOP
 148  0002              ;# 148 "C:\Users\EDY\Desktop\工作文档\HT66F018\software_library_ADC_interrupt_example_V11\src\main.c" 1
 148  0002              	NOP
 148  0002              	ENDIF
 148  0002              ;# 148 "C:\Users\EDY\Desktop\工作文档\HT66F018\software_library_ADC_interrupt_example_V11\src\main.c" 1
 148  0002              	IF (200<8) AND (200>3)
 148  0002              ;# 148 "C:\Users\EDY\Desktop\工作文档\HT66F018\software_library_ADC_interrupt_example_V11\src\main.c" 1
 148  0002              	CALL __DELAY3 + 7 -200
 148  0002              	ENDIF
 148  0002              ;# 148 "C:\Users\EDY\Desktop\工作文档\HT66F018\software_library_ADC_interrupt_example_V11\src\main.c" 1
 148  0002              	IF (200< 0404h) AND (200>7)
 148  0002              ;# 148 "C:\Users\EDY\Desktop\工作文档\HT66F018\software_library_ADC_interrupt_example_V11\src\main.c" 1
 148  0002  0F31        	MOV A,200/4-1
 148  0003              ;# 148 "C:\Users\EDY\Desktop\工作文档\HT66F018\software_library_ADC_interrupt_example_V11\src\main.c" 1
 148  0003  2000     E  	CALL __DELAYX3 + 3 -(200 MOD 4)
 148  0004              	ENDIF
 148  0004              ;# 148 "C:\Users\EDY\Desktop\工作文档\HT66F018\software_library_ADC_interrupt_example_V11\src\main.c" 1
 148  0004              	IF (200< 0x40B) AND (200> 0403h)
 148  0004              ;# 148 "C:\Users\EDY\Desktop\工作文档\HT66F018\software_library_ADC_interrupt_example_V11\src\main.c" 1
 148  0004              	MOV A,0 
 148  0004              ;# 148 "C:\Users\EDY\Desktop\工作文档\HT66F018\software_library_ADC_interrupt_example_V11\src\main.c" 1
 148  0004              	CALL __DELAYX6 + 0x40a -200
 148  0004              	ENDIF
 148  0004              ;# 148 "C:\Users\EDY\Desktop\工作文档\HT66F018\software_library_ADC_interrupt_example_V11\src\main.c" 1
 148  0004              	IF (200 >= 0x40b) AND ((((200-9)%0402h)/4+1)>256)
 148  0004              ;# 148 "C:\Users\EDY\Desktop\工作文档\HT66F018\software_library_ADC_interrupt_example_V11\src\main.c" 1
 148  0004              	MOV A,(200-9)/0402h
 148  0004              ;# 148 "C:\Users\EDY\Desktop\工作文档\HT66F018\software_library_ADC_interrupt_example_V11\src\main.c" 1
 148  0004              	MOV _builtin_holtek_delay_2,A
 148  0004              ;# 148 "C:\Users\EDY\Desktop\工作文档\HT66F018\software_library_ADC_interrupt_example_V11\src\main.c" 1
 148  0004              	MOV A,0
 148  0004              ;# 148 "C:\Users\EDY\Desktop\工作文档\HT66F018\software_library_ADC_interrupt_example_V11\src\main.c" 1
 148  0004              	CALL __DELAYY5 +5- (((200-9)%0402h)%6)
 148  0004              	ENDIF
 148  0004              ;# 148 "C:\Users\EDY\Desktop\工作文档\HT66F018\software_library_ADC_interrupt_example_V11\src\main.c" 1
 148  0004              	IF (200 >= 0x40b) AND ((((200-9)%0402h)/4+1)<=256)
 148  0004              ;# 148 "C:\Users\EDY\Desktop\工作文档\HT66F018\software_library_ADC_interrupt_example_V11\src\main.c" 1
 148  0004              	MOV A,(200-9)/0402h
 148  0004              ;# 148 "C:\Users\EDY\Desktop\工作文档\HT66F018\software_library_ADC_interrupt_example_V11\src\main.c" 1
 148  0004              	MOV _builtin_holtek_delay_2,A
 148  0004              ;# 148 "C:\Users\EDY\Desktop\工作文档\HT66F018\software_library_ADC_interrupt_example_V11\src\main.c" 1
 148  0004              	MOV A,((200-9)%0402h)/4+1
 148  0004              ;# 148 "C:\Users\EDY\Desktop\工作文档\HT66F018\software_library_ADC_interrupt_example_V11\src\main.c" 1
 148  0004              	CALL __DELAYY3 +3-(((200-9)%0402h)%4)
 148  0004              	ENDIF
 149  0004              #line 149 "C:\Users\EDY\Desktop\工作文档\HT66F018\software_library_ADC_interrupt_example_V11\src\main.c"
 149  0004  2000     E  	call _ADC_GetValue
 149  0005  0700     E  	mov a,ra
 149  0006  0080     R  	mov _addSample_2[0],a
 149  0007  0700     E  	mov a,rb
文件：main.c       编译器版本 HGASM 0202 页次17

 149  0008  0080     R  	mov _addSample_2[1],a
 149  0009  2000     R  	call _addSample
 150  000A              #line 150 "C:\Users\EDY\Desktop\工作文档\HT66F018\software_library_ADC_interrupt_example_V11\src\main.c"
 150  000A  0700     R  	mov a,_bufferCount[0]
 150  000B  0C0F        	xor a,15
 150  000C  0500     R  	or a,_bufferCount[1]
 150  000D  390A        	snz z
 150  000E  2800     R  	jmp _L30
 151  000F              #line 151 "C:\Users\EDY\Desktop\工作文档\HT66F018\software_library_ADC_interrupt_example_V11\src\main.c"
 151  000F  2000     R  	call _getSimpleMedian
 152  0010              #line 152 "C:\Users\EDY\Desktop\工作文档\HT66F018\software_library_ADC_interrupt_example_V11\src\main.c"
 152  0010  1F00     R  	clr _bufferHead[0]
 152  0011  1F00     R  	clr _bufferHead[1]
 153  0012              #line 153 "C:\Users\EDY\Desktop\工作文档\HT66F018\software_library_ADC_interrupt_example_V11\src\main.c"
 153  0012  1F00     R  	clr _bufferCount[0]
 153  0013  1F00     R  	clr _bufferCount[1]
 154  0014              #line 154 "C:\Users\EDY\Desktop\工作文档\HT66F018\software_library_ADC_interrupt_example_V11\src\main.c"
 154  0014  0F01        	mov a,1
 154  0015  0300     R  	add a,_adcCount[0]
 154  0016  0080     E  	mov rd,a
 154  0017  0F00        	mov a,0
 154  0018  1300     R  	adc a,_adcCount[1]
 154  0019  0080     E  	mov re,a
 154  001A  0700     E  	mov a,rd
 154  001B  0080     R  	mov _adcCount[0],a
 154  001C  0700     E  	mov a,re
 154  001D  0080     R  	mov _adcCount[1],a
 155  001E              #line 155 "C:\Users\EDY\Desktop\工作文档\HT66F018\software_library_ADC_interrupt_example_V11\src\main.c"
 155  001E  0700     E  	mov a,rd
 155  001F  0CD0        	xor a,208
 155  0020  0700     E  	mov a,re
 155  0021  3D0A        	sz z
 155  0022  0C07        	xor a,7
 155  0023  390A        	snz z
 155  0024  2800     R  	jmp _L28
 155  0025  0FB0        	mov a,176
 155  0026  0200     E  	sub a,ra
 155  0027  0F0D        	mov a,13
 155  0028  1200     E  	sbc a,rb
 155  0029  3C0A        	sz c
 155  002A  2800     R  	jmp _L29
 156  002B              #line 156 "C:\Users\EDY\Desktop\工作文档\HT66F018\software_library_ADC_interrupt_example_V11\src\main.c"
 156  002B  0FFE        	mov a,254
 156  002C  2000     E  	call _UART_SoftWareSendByte
 157  002D              #line 157 "C:\Users\EDY\Desktop\工作文档\HT66F018\software_library_ADC_interrupt_example_V11\src\main.c"
 157  002D  2000     R  	call _closeLED
 158  002E              #line 158 "C:\Users\EDY\Desktop\工作文档\HT66F018\software_library_ADC_interrupt_example_V11\src\main.c"
 158  002E  0F01        	mov a,1
 158  002F  0080     E  	mov ra,a
 158  0030  2800     R  	jmp _L27
 158  0031              _L29:
 161  0031              #line 161 "C:\Users\EDY\Desktop\工作文档\HT66F018\software_library_ADC_interrupt_example_V11\src\main.c"
 161  0031  1F00     R  	clr _adcCount[0]
 161  0032  1F00     R  	clr _adcCount[1]
 161  0033  2800     R  	jmp _L30
 161  0034              _L28:
 164  0034              #line 164 "C:\Users\EDY\Desktop\工作文档\HT66F018\software_library_ADC_interrupt_example_V11\src\main.c"
 164  0034  0700     E  	mov a,ra
 164  0035  0080     R  	mov _addSample_2[0],a
 164  0036  0700     E  	mov a,rb
文件：main.c       编译器版本 HGASM 0202 页次18

 164  0037  0080     R  	mov _addSample_2[1],a
 164  0038  2000     R  	call _addSample
 164  0039              _L30:
 167  0039              #line 167 "C:\Users\EDY\Desktop\工作文档\HT66F018\software_library_ADC_interrupt_example_V11\src\main.c"
 167  0039  1F00     E  	clr ra
 167  003A              _L27:
 168  003A              #line 168 "C:\Users\EDY\Desktop\工作文档\HT66F018\software_library_ADC_interrupt_example_V11\src\main.c"
 168  003A  0700     E  	mov a,ra
 168  003B  0003        	ret
 168  003C              _sampleAndProcessADC endp
 168  003C              #line 168 "C:\Users\EDY\Desktop\工作文档\HT66F018\software_library_ADC_interrupt_example_V11\src\main.c"
 168  003C              #pragma debug scope 1 1
 168  003C              public _checkPowerOn
 168  003C              #pragma debug scope 13 1
 171  003C              #line 171 "C:\Users\EDY\Desktop\工作文档\HT66F018\software_library_ADC_interrupt_example_V11\src\main.c"
 171  0000              _checkPowerOn .section 'code'
 171  0000              _checkPowerOn proc
 173  0000              #line 173 "C:\Users\EDY\Desktop\工作文档\HT66F018\software_library_ADC_interrupt_example_V11\src\main.c"
 173  0000  0F01        	mov a,1
 173  0001  2000     E  	call _ADC_SelectChannel
 174  0002              #line 174 "C:\Users\EDY\Desktop\工作文档\HT66F018\software_library_ADC_interrupt_example_V11\src\main.c"
 174  0002              ;# 174 "C:\Users\EDY\Desktop\工作文档\HT66F018\software_library_ADC_interrupt_example_V11\src\main.c" 1
 174  0002              	IF 200>263690
 174  0002              ;# 174 "C:\Users\EDY\Desktop\工作文档\HT66F018\software_library_ADC_interrupt_example_V11\src\main.c" 1
 174  0002              	ERRMESSAGE 'the value 200of the argument exceeds the maxinum 263690'
 174  0002              	ENDIF
 174  0002              ;# 174 "C:\Users\EDY\Desktop\工作文档\HT66F018\software_library_ADC_interrupt_example_V11\src\main.c" 1
 174  0002              	IF 200<0
 174  0002              ;# 174 "C:\Users\EDY\Desktop\工作文档\HT66F018\software_library_ADC_interrupt_example_V11\src\main.c" 1
 174  0002              	ERRMESSAGE 'the value 200 of the argument exceeds the mininum 0'
 174  0002              	ENDIF
 174  0002              ;# 174 "C:\Users\EDY\Desktop\工作文档\HT66F018\software_library_ADC_interrupt_example_V11\src\main.c" 1
 174  0002              	IF 200==0
 174  0002              ;# 174 "C:\Users\EDY\Desktop\工作文档\HT66F018\software_library_ADC_interrupt_example_V11\src\main.c" 1
 174  0002              	JMP $
 174  0002              	ENDIF
 174  0002              ;# 174 "C:\Users\EDY\Desktop\工作文档\HT66F018\software_library_ADC_interrupt_example_V11\src\main.c" 1
 174  0002              	IF 200==1
 174  0002              ;# 174 "C:\Users\EDY\Desktop\工作文档\HT66F018\software_library_ADC_interrupt_example_V11\src\main.c" 1
 174  0002              	NOP
 174  0002              	ENDIF
 174  0002              ;# 174 "C:\Users\EDY\Desktop\工作文档\HT66F018\software_library_ADC_interrupt_example_V11\src\main.c" 1
 174  0002              	IF 200==2
 174  0002              ;# 174 "C:\Users\EDY\Desktop\工作文档\HT66F018\software_library_ADC_interrupt_example_V11\src\main.c" 1
 174  0002              	NOP
 174  0002              ;# 174 "C:\Users\EDY\Desktop\工作文档\HT66F018\software_library_ADC_interrupt_example_V11\src\main.c" 1
 174  0002              	NOP
 174  0002              	ENDIF
 174  0002              ;# 174 "C:\Users\EDY\Desktop\工作文档\HT66F018\software_library_ADC_interrupt_example_V11\src\main.c" 1
 174  0002              	IF 200==3
 174  0002              ;# 174 "C:\Users\EDY\Desktop\工作文档\HT66F018\software_library_ADC_interrupt_example_V11\src\main.c" 1
 174  0002              	NOP
 174  0002              ;# 174 "C:\Users\EDY\Desktop\工作文档\HT66F018\software_library_ADC_interrupt_example_V11\src\main.c" 1
 174  0002              	NOP
 174  0002              ;# 174 "C:\Users\EDY\Desktop\工作文档\HT66F018\software_library_ADC_interrupt_example_V11\src\main.c" 1
 174  0002              	NOP
 174  0002              	ENDIF
 174  0002              ;# 174 "C:\Users\EDY\Desktop\工作文档\HT66F018\software_library_ADC_interrupt_example_V11\src\main.c" 1
 174  0002              	IF (200<8) AND (200>3)
 174  0002              ;# 174 "C:\Users\EDY\Desktop\工作文档\HT66F018\software_library_ADC_interrupt_example_V11\src\main.c" 1
文件：main.c       编译器版本 HGASM 0202 页次19

 174  0002              	CALL __DELAY3 + 7 -200
 174  0002              	ENDIF
 174  0002              ;# 174 "C:\Users\EDY\Desktop\工作文档\HT66F018\software_library_ADC_interrupt_example_V11\src\main.c" 1
 174  0002              	IF (200< 0404h) AND (200>7)
 174  0002              ;# 174 "C:\Users\EDY\Desktop\工作文档\HT66F018\software_library_ADC_interrupt_example_V11\src\main.c" 1
 174  0002  0F31        	MOV A,200/4-1
 174  0003              ;# 174 "C:\Users\EDY\Desktop\工作文档\HT66F018\software_library_ADC_interrupt_example_V11\src\main.c" 1
 174  0003  2000     E  	CALL __DELAYX3 + 3 -(200 MOD 4)
 174  0004              	ENDIF
 174  0004              ;# 174 "C:\Users\EDY\Desktop\工作文档\HT66F018\software_library_ADC_interrupt_example_V11\src\main.c" 1
 174  0004              	IF (200< 0x40B) AND (200> 0403h)
 174  0004              ;# 174 "C:\Users\EDY\Desktop\工作文档\HT66F018\software_library_ADC_interrupt_example_V11\src\main.c" 1
 174  0004              	MOV A,0 
 174  0004              ;# 174 "C:\Users\EDY\Desktop\工作文档\HT66F018\software_library_ADC_interrupt_example_V11\src\main.c" 1
 174  0004              	CALL __DELAYX6 + 0x40a -200
 174  0004              	ENDIF
 174  0004              ;# 174 "C:\Users\EDY\Desktop\工作文档\HT66F018\software_library_ADC_interrupt_example_V11\src\main.c" 1
 174  0004              	IF (200 >= 0x40b) AND ((((200-9)%0402h)/4+1)>256)
 174  0004              ;# 174 "C:\Users\EDY\Desktop\工作文档\HT66F018\software_library_ADC_interrupt_example_V11\src\main.c" 1
 174  0004              	MOV A,(200-9)/0402h
 174  0004              ;# 174 "C:\Users\EDY\Desktop\工作文档\HT66F018\software_library_ADC_interrupt_example_V11\src\main.c" 1
 174  0004              	MOV _builtin_holtek_delay_2,A
 174  0004              ;# 174 "C:\Users\EDY\Desktop\工作文档\HT66F018\software_library_ADC_interrupt_example_V11\src\main.c" 1
 174  0004              	MOV A,0
 174  0004              ;# 174 "C:\Users\EDY\Desktop\工作文档\HT66F018\software_library_ADC_interrupt_example_V11\src\main.c" 1
 174  0004              	CALL __DELAYY5 +5- (((200-9)%0402h)%6)
 174  0004              	ENDIF
 174  0004              ;# 174 "C:\Users\EDY\Desktop\工作文档\HT66F018\software_library_ADC_interrupt_example_V11\src\main.c" 1
 174  0004              	IF (200 >= 0x40b) AND ((((200-9)%0402h)/4+1)<=256)
 174  0004              ;# 174 "C:\Users\EDY\Desktop\工作文档\HT66F018\software_library_ADC_interrupt_example_V11\src\main.c" 1
 174  0004              	MOV A,(200-9)/0402h
 174  0004              ;# 174 "C:\Users\EDY\Desktop\工作文档\HT66F018\software_library_ADC_interrupt_example_V11\src\main.c" 1
 174  0004              	MOV _builtin_holtek_delay_2,A
 174  0004              ;# 174 "C:\Users\EDY\Desktop\工作文档\HT66F018\software_library_ADC_interrupt_example_V11\src\main.c" 1
 174  0004              	MOV A,((200-9)%0402h)/4+1
 174  0004              ;# 174 "C:\Users\EDY\Desktop\工作文档\HT66F018\software_library_ADC_interrupt_example_V11\src\main.c" 1
 174  0004              	CALL __DELAYY3 +3-(((200-9)%0402h)%4)
 174  0004              	ENDIF
 175  0004              #line 175 "C:\Users\EDY\Desktop\工作文档\HT66F018\software_library_ADC_interrupt_example_V11\src\main.c"
 175  0004  2000     E  	call _ADC_GetValue
 176  0005              #line 176 "C:\Users\EDY\Desktop\工作文档\HT66F018\software_library_ADC_interrupt_example_V11\src\main.c"
 176  0005  0F00        	mov a,0
 176  0006  0200     E  	sub a,ra
 176  0007  0F0A        	mov a,10
 176  0008  1200     E  	sbc a,rb
 176  0009  3C0A        	sz c
 176  000A  2800     R  	jmp _L32
 177  000B              #line 177 "C:\Users\EDY\Desktop\工作文档\HT66F018\software_library_ADC_interrupt_example_V11\src\main.c"
 177  000B  2000     R  	call _closeLED
 177  000C  2800     R  	jmp _L31
 177  000D              _L32:
 179  000D              #line 179 "C:\Users\EDY\Desktop\工作文档\HT66F018\software_library_ADC_interrupt_example_V11\src\main.c"
 179  000D  2000     R  	call _openLED
 179  000E              _L31:
 179  000E  0003        	ret
 179  000F              _checkPowerOn endp
 179  000F              #line 179 "C:\Users\EDY\Desktop\工作文档\HT66F018\software_library_ADC_interrupt_example_V11\src\main.c"
 179  000F              #pragma debug scope 1 1
 179  000F              ___pc equ [64]
 179  000F              ___pcc equ [65]
文件：main.c       编译器版本 HGASM 0202 页次20

 179  000F              ___pcpu equ [66]
 179  000F              ___pbc equ [38]
 179  000F              ___acerl equ [36]
 179  000F              public _main
 179  000F              #pragma debug scope 14 1
 184  000F              #line 184 "C:\Users\EDY\Desktop\工作文档\HT66F018\software_library_ADC_interrupt_example_V11\src\main.c"
 184  000F              IFDEF WITH_DEFAULT_STARTUP
 184  000F              extern _main_initial0:near
 184  000F              extern _main_startup:near
 184  000F              ENDIF
 184  000F              
 184  000F              ROMBANK 0 @start
 184  0000              @start .section com_l 'code'
 184  0000              _main_startup1:
 184  0000              @start .section com_e 'code'
 184  0000  2800     R  	jmp _main
 184  0001              
 184  0000              _main .section 'code'
 184  0000              _main proc
 184  0000  00              local _main_2 db 1 dup(?)
 184  0001              #pragma debug variable 8 14 _main_2+0 "isFullyCharged"
 185  0001              #line 185 "C:\Users\EDY\Desktop\工作文档\HT66F018\software_library_ADC_interrupt_example_V11\src\main.c"
 185  0000  3040        	set [64].0
 185  0001  3441        	clr [65].0
 185  0002  3042        	set [66].0
 187  0003              #line 187 "C:\Users\EDY\Desktop\工作文档\HT66F018\software_library_ADC_interrupt_example_V11\src\main.c"
 187  0003  2000     R  	call _mAdcInit
 188  0004              #line 188 "C:\Users\EDY\Desktop\工作文档\HT66F018\software_library_ADC_interrupt_example_V11\src\main.c"
 188  0004  2000     R  	call _mCTMInit
 193  0005              #line 193 "C:\Users\EDY\Desktop\工作文档\HT66F018\software_library_ADC_interrupt_example_V11\src\main.c"
 193  0005  35A6        	clr [38].3
 194  0006              #line 194 "C:\Users\EDY\Desktop\工作文档\HT66F018\software_library_ADC_interrupt_example_V11\src\main.c"
 194  0006  31A5        	set [37].3
 195  0007              #line 195 "C:\Users\EDY\Desktop\工作文档\HT66F018\software_library_ADC_interrupt_example_V11\src\main.c"
 195  0007  37A4        	clr [36].7
 198  0008              #line 198 "C:\Users\EDY\Desktop\工作文档\HT66F018\software_library_ADC_interrupt_example_V11\src\main.c"
 198  0008  0FFF        	mov a,255
 198  0009  2000     E  	call _UART_SoftWareSendByte
 190  000A              #line 190 "C:\Users\EDY\Desktop\工作文档\HT66F018\software_library_ADC_interrupt_example_V11\src\main.c"
 190  000A  1F00     R  	clr _main_2[0]
 190  000B              _L35:
 202  000B              #line 202 "C:\Users\EDY\Desktop\工作文档\HT66F018\software_library_ADC_interrupt_example_V11\src\main.c"
 202  000B              ;# 202 "C:\Users\EDY\Desktop\工作文档\HT66F018\software_library_ADC_interrupt_example_V11\src\main.c" 1
 202  000B  0001        	clr wdt
 204  000C              #line 204 "C:\Users\EDY\Desktop\工作文档\HT66F018\software_library_ADC_interrupt_example_V11\src\main.c"
 204  000C  1080     R  	sz _main_2[0]
 204  000D  2800     R  	jmp _LI2
 204  000E  2800     R  	jmp _L36
 204  000F              _LI2:
 205  000F              #line 205 "C:\Users\EDY\Desktop\工作文档\HT66F018\software_library_ADC_interrupt_example_V11\src\main.c"
 205  000F  1F80     R  	set _msDelay_2[0]
 205  0010  1F80     R  	set _msDelay_2[1]
 205  0011  2000     R  	call _msDelay
 206  0012              #line 206 "C:\Users\EDY\Desktop\工作文档\HT66F018\software_library_ADC_interrupt_example_V11\src\main.c"
 206  0012  2800     R  	jmp _L35
 206  0013              _L36:
 209  0013              #line 209 "C:\Users\EDY\Desktop\工作文档\HT66F018\software_library_ADC_interrupt_example_V11\src\main.c"
 209  0013  2000     R  	call _checkPowerOn
 211  0014              #line 211 "C:\Users\EDY\Desktop\工作文档\HT66F018\software_library_ADC_interrupt_example_V11\src\main.c"
 211  0014  2000     R  	call _sampleAndProcessADC
文件：main.c       编译器版本 HGASM 0202 页次21

 211  0015  0080     R  	mov _main_2[0],a
 211  0016  2800     R  	jmp _L35
 211  0017  2800     R  	jmp $
 211  0018              _main endp
 211  0018              
 211  0018              @dummy endp
 211  0018              
 211  0018              #line 211 "C:\Users\EDY\Desktop\工作文档\HT66F018\software_library_ADC_interrupt_example_V11\src\main.c"
 211  0018              #pragma debug scope 1 1
 211  0018              public _ctmCount
 211  0000              @HCCINIT	.section 'data'
  52  0000              #line 52 "C:\Users\EDY\Desktop\工作文档\HT66F018\software_library_ADC_interrupt_example_V11\src\main.c"
  52  0000              @HCCINIT .section 'data'
  52  0000              _ctmCount label byte
  52  0000              #pragma debug variable 10 1 _ctmCount "ctmCount"
  52  0000              	db 0
  52  0000              @ROMDATA_BASE .section inpage 'code'
  52  0000              	db 0
  52  0001              @HCCINIT .section 'data'
  52  0001              	db 0
  52  0001              @ROMDATA_BASE .section inpage 'code'
  52  0001              	db 0
  52  0002              @HCCINIT .section 'data'
  52  0002              public _bufferCount
  50  0002              #line 50 "C:\Users\EDY\Desktop\工作文档\HT66F018\software_library_ADC_interrupt_example_V11\src\main.c"
  50  0002              @HCCINIT .section 'data'
  50  0002              _bufferCount label byte
  50  0002              #pragma debug variable 10 1 _bufferCount "bufferCount"
  50  0002              	db 0
  50  0001              @ROMDATA_BASE .section inpage 'code'
  50  0001              	db 0
  50  0003              @HCCINIT .section 'data'
  50  0003              	db 0
  50  0002              @ROMDATA_BASE .section inpage 'code'
  50  0002              	db 0
  50  0004              @HCCINIT .section 'data'
  50  0004              public _bufferHead
  49  0004              #line 49 "C:\Users\EDY\Desktop\工作文档\HT66F018\software_library_ADC_interrupt_example_V11\src\main.c"
  49  0004              @HCCINIT .section 'data'
  49  0004              _bufferHead label byte
  49  0004              #pragma debug variable 10 1 _bufferHead "bufferHead"
  49  0004              	db 0
  49  0002              @ROMDATA_BASE .section inpage 'code'
  49  0002              	db 0
  49  0005              @HCCINIT .section 'data'
  49  0005              	db 0
  49  0003              @ROMDATA_BASE .section inpage 'code'
  49  0003              	db 0
  49  0006              @HCCINIT .section 'data'
  48  0006              #line 48 "C:\Users\EDY\Desktop\工作文档\HT66F018\software_library_ADC_interrupt_example_V11\src\main.c"
  48  0006              public _buffer
  48  0000              @HCCINIT0 .section 'data'
  48  0000  001E[       _buffer	db 30 dup(0)
            00
            ]
  48  001E              #pragma debug array 43 12 15 1
  48  001E              #pragma debug array 43 12 15 1
  48  001E              #pragma debug variable 43 1 _buffer "buffer"
  48  001E              
  48  0006              @HCCINIT .section 'data'
文件：main.c       编译器版本 HGASM 0202 页次22

  48  0006              public _adcCount
  45  0006              #line 45 "C:\Users\EDY\Desktop\工作文档\HT66F018\software_library_ADC_interrupt_example_V11\src\main.c"
  45  0006              @HCCINIT .section 'data'
  45  0006              _adcCount label byte
  45  0006              #pragma debug variable 10 1 _adcCount "adcCount"
  45  0006              	db 0
  45  0003              @ROMDATA_BASE .section inpage 'code'
  45  0003              	db 0
  45  0007              @HCCINIT .section 'data'
  45  0007              	db 0
  45  0004              @ROMDATA_BASE .section inpage 'code'
  45  0004              	db 0
  45  0008              @HCCINIT .section 'data'
  45  0008              public _ledisEnable
  44  0008              #line 44 "C:\Users\EDY\Desktop\工作文档\HT66F018\software_library_ADC_interrupt_example_V11\src\main.c"
  44  0008              @HCCINIT .section 'data'
  44  0008              _ledisEnable label byte
  44  0008              #pragma debug variable 8 1 _ledisEnable "ledisEnable"
  44  0008              	db 0
  44  0004              @ROMDATA_BASE .section inpage 'code'
  44  0004              	db 0
  44  0009              @HCCINIT .section 'data'
  43  0009              #line 43 "C:\Users\EDY\Desktop\工作文档\HT66F018\software_library_ADC_interrupt_example_V11\src\main.c"
  43  0009              public _g_nADC_Finish
  43  001E              @HCCINIT0 .section 'data'
  43  001E              _g_nADC_Finish	db 0
  43  001F              #pragma debug variable 8 1 _g_nADC_Finish "g_nADC_Finish"
  43  001F              
  43  0009              @HCCINIT .section 'data'
  42  0009              #line 42 "C:\Users\EDY\Desktop\工作文档\HT66F018\software_library_ADC_interrupt_example_V11\src\main.c"
  42  0009              public _g_nADC_ISR_Value
  42  001F              @HCCINIT0 .section 'data'
  42  001F  0002[       _g_nADC_ISR_Value	db 2 dup(0)
            00
            ]
  42  0021              #pragma debug variable 10 1 _g_nADC_ISR_Value "g_nADC_ISR_Value"
  42  0021              
  42  0009              @HCCINIT .section 'data'
  42  0009              #pragma debug struct_end
  42  0009              #pragma debug struct_end
  42  0009              #pragma debug union_end
  42  0009              #pragma debug union_end
  42  0009              #pragma debug variable 45 1 ___mfi1 "__mfi1" 1
  42  0009              #pragma debug struct_end
  42  0009              #pragma debug struct_end
  42  0009              #pragma debug union_end
  42  0009              #pragma debug union_end
  42  0009              #pragma debug variable 47 1 ___adcr0 "__adcr0" 1
  42  0009              #pragma debug struct_end
  42  0009              #pragma debug struct_end
  42  0009              #pragma debug union_end
  42  0009              #pragma debug union_end
  42  0009              #pragma debug variable 49 1 ___acerl "__acerl" 1
  42  0009              #pragma debug struct_end
  42  0009              #pragma debug struct_end
  42  0009              #pragma debug union_end
  42  0009              #pragma debug union_end
  42  0009              #pragma debug variable 51 1 ___pb "__pb" 1
  42  0009              #pragma debug struct_end
  42  0009              #pragma debug struct_end
文件：main.c       编译器版本 HGASM 0202 页次23

  42  0009              #pragma debug union_end
  42  0009              #pragma debug union_end
  42  0009              #pragma debug variable 53 1 ___pbc "__pbc" 1
  42  0009              #pragma debug struct_end
  42  0009              #pragma debug struct_end
  42  0009              #pragma debug union_end
  42  0009              #pragma debug union_end
  42  0009              #pragma debug variable 55 1 ___tm2c0 "__tm2c0" 1
  42  0009              #pragma debug struct_end
  42  0009              #pragma debug struct_end
  42  0009              #pragma debug union_end
  42  0009              #pragma debug union_end
  42  0009              #pragma debug variable 57 1 ___pc "__pc" 1
  42  0009              #pragma debug struct_end
  42  0009              #pragma debug struct_end
  42  0009              #pragma debug union_end
  42  0009              #pragma debug union_end
  42  0009              #pragma debug variable 59 1 ___pcc "__pcc" 1
  42  0009              #pragma debug struct_end
  42  0009              #pragma debug struct_end
  42  0009              #pragma debug union_end
  42  0009              #pragma debug union_end
  42  0009              #pragma debug variable 61 1 ___pcpu "__pcpu" 1
 184  0009              #line 184 "C:\Users\EDY\Desktop\工作文档\HT66F018\software_library_ADC_interrupt_example_V11\src\main.c"
 184  0000              @code .section at 0 'code'
 184  0000  2800     R  	jmp _main_startup1
 184  0001              
 184  0001              extern _builtin_holtek_udivmodhi4_2:byte
 184  0001              extern _builtin_holtek_udivmodhi4:near
 184  0001              extern _UART_SoftWareSendByte:near
 184  0001              extern _CTM_Init:near
 184  0001              extern _CTM_CounterModeConfig_2:byte
 184  0001              extern _CTM_CounterModeConfig:near
 184  0001              extern _ADC_Init:near
 184  0001              extern _ADC_SelectChannel:near
 184  0001              extern _ADC_GetValue:near
 184  0001              
 184  0001              ; 
 184  0001              ; Generated by holtek-gcc v3.19, Thu Jun 13 13:58:10 2024
 184  0001              ; Rebuild 718
 184  0001              ; end of file


        0 Errors, 0